{"C:\\Users\\Jezreel de Andrade\\dev\\Projects\\woragis\\backend\\job-application-worker\\src\\aiSelectorFinder.js": {"path":"C:\\Users\\Jezreel de Andrade\\dev\\Projects\\woragis\\backend\\job-application-worker\\src\\aiSelectorFinder.js","statementMap":{"0":{"start":{"line":6,"column":4},"end":{"line":6,"column":79}},"1":{"start":{"line":17,"column":4},"end":{"line":21,"column":7}},"2":{"start":{"line":23,"column":19},"end":{"line":23,"column":67}},"3":{"start":{"line":25,"column":4},"end":{"line":68,"column":5}},"4":{"start":{"line":26,"column":23},"end":{"line":43,"column":7}},"5":{"start":{"line":45,"column":22},"end":{"line":45,"column":100}},"6":{"start":{"line":47,"column":6},"end":{"line":49,"column":7}},"7":{"start":{"line":48,"column":8},"end":{"line":48,"column":53}},"8":{"start":{"line":52,"column":24},"end":{"line":52,"column":59}},"9":{"start":{"line":54,"column":6},"end":{"line":58,"column":9}},"10":{"start":{"line":60,"column":6},"end":{"line":60,"column":23}},"11":{"start":{"line":62,"column":6},"end":{"line":66,"column":9}},"12":{"start":{"line":67,"column":6},"end":{"line":67,"column":70}},"13":{"start":{"line":79,"column":4},"end":{"line":82,"column":7}},"14":{"start":{"line":85,"column":24},"end":{"line":85,"column":53}},"15":{"start":{"line":87,"column":4},"end":{"line":140,"column":5}},"16":{"start":{"line":88,"column":23},"end":{"line":116,"column":7}},"17":{"start":{"line":118,"column":22},"end":{"line":118,"column":100}},"18":{"start":{"line":120,"column":6},"end":{"line":122,"column":7}},"19":{"start":{"line":121,"column":8},"end":{"line":121,"column":53}},"20":{"start":{"line":124,"column":24},"end":{"line":124,"column":59}},"21":{"start":{"line":126,"column":6},"end":{"line":130,"column":9}},"22":{"start":{"line":132,"column":6},"end":{"line":132,"column":23}},"23":{"start":{"line":134,"column":6},"end":{"line":138,"column":9}},"24":{"start":{"line":139,"column":6},"end":{"line":139,"column":77}},"25":{"start":{"line":145,"column":26},"end":{"line":147,"column":12}},"26":{"start":{"line":149,"column":4},"end":{"line":170,"column":45}},"27":{"start":{"line":174,"column":4},"end":{"line":191,"column":45}},"28":{"start":{"line":195,"column":4},"end":{"line":216,"column":5}},"29":{"start":{"line":197,"column":24},"end":{"line":197,"column":52}},"30":{"start":{"line":198,"column":6},"end":{"line":200,"column":7}},"31":{"start":{"line":199,"column":8},"end":{"line":199,"column":40}},"32":{"start":{"line":203,"column":6},"end":{"line":203,"column":33}},"33":{"start":{"line":205,"column":6},"end":{"line":208,"column":9}},"34":{"start":{"line":211,"column":6},"end":{"line":215,"column":8}}},"fnMap":{"0":{"name":"(anonymous_0)","decl":{"start":{"line":5,"column":2},"end":{"line":5,"column":3}},"loc":{"start":{"line":5,"column":16},"end":{"line":7,"column":3}},"line":5},"1":{"name":"(anonymous_1)","decl":{"start":{"line":16,"column":2},"end":{"line":16,"column":3}},"loc":{"start":{"line":16,"column":58},"end":{"line":69,"column":3}},"line":16},"2":{"name":"(anonymous_2)","decl":{"start":{"line":78,"column":2},"end":{"line":78,"column":3}},"loc":{"start":{"line":78,"column":70},"end":{"line":141,"column":3}},"line":78},"3":{"name":"(anonymous_3)","decl":{"start":{"line":143,"column":2},"end":{"line":143,"column":3}},"loc":{"start":{"line":143,"column":46},"end":{"line":171,"column":3}},"line":143},"4":{"name":"(anonymous_4)","decl":{"start":{"line":173,"column":2},"end":{"line":173,"column":3}},"loc":{"start":{"line":173,"column":42},"end":{"line":192,"column":3}},"line":173},"5":{"name":"(anonymous_5)","decl":{"start":{"line":194,"column":2},"end":{"line":194,"column":3}},"loc":{"start":{"line":194,"column":33},"end":{"line":217,"column":3}},"line":194}},"branchMap":{"0":{"loc":{"start":{"line":6,"column":24},"end":{"line":6,"column":78}},"type":"binary-expr","locations":[{"start":{"line":6,"column":24},"end":{"line":6,"column":50}},{"start":{"line":6,"column":54},"end":{"line":6,"column":78}}],"line":6},"1":{"loc":{"start":{"line":45,"column":22},"end":{"line":45,"column":100}},"type":"binary-expr","locations":[{"start":{"line":45,"column":22},"end":{"line":45,"column":52}},{"start":{"line":45,"column":56},"end":{"line":45,"column":100}}],"line":45},"2":{"loc":{"start":{"line":47,"column":6},"end":{"line":49,"column":7}},"type":"if","locations":[{"start":{"line":47,"column":6},"end":{"line":49,"column":7}},{"start":{},"end":{}}],"line":47},"3":{"loc":{"start":{"line":118,"column":22},"end":{"line":118,"column":100}},"type":"binary-expr","locations":[{"start":{"line":118,"column":22},"end":{"line":118,"column":52}},{"start":{"line":118,"column":56},"end":{"line":118,"column":100}}],"line":118},"4":{"loc":{"start":{"line":120,"column":6},"end":{"line":122,"column":7}},"type":"if","locations":[{"start":{"line":120,"column":6},"end":{"line":122,"column":7}},{"start":{},"end":{}}],"line":120},"5":{"loc":{"start":{"line":145,"column":26},"end":{"line":147,"column":12}},"type":"cond-expr","locations":[{"start":{"line":146,"column":8},"end":{"line":146,"column":52}},{"start":{"line":147,"column":8},"end":{"line":147,"column":12}}],"line":145},"6":{"loc":{"start":{"line":198,"column":6},"end":{"line":200,"column":7}},"type":"if","locations":[{"start":{"line":198,"column":6},"end":{"line":200,"column":7}},{"start":{},"end":{}}],"line":198}},"s":{"0":0,"1":0,"2":0,"3":0,"4":0,"5":0,"6":0,"7":0,"8":0,"9":0,"10":0,"11":0,"12":0,"13":0,"14":0,"15":0,"16":0,"17":0,"18":0,"19":0,"20":0,"21":0,"22":0,"23":0,"24":0,"25":0,"26":0,"27":0,"28":0,"29":0,"30":0,"31":0,"32":0,"33":0,"34":0},"f":{"0":0,"1":0,"2":0,"3":0,"4":0,"5":0},"b":{"0":[0,0],"1":[0,0],"2":[0,0],"3":[0,0],"4":[0,0],"5":[0,0],"6":[0,0]},"inputSourceMap":null}
,"C:\\Users\\Jezreel de Andrade\\dev\\Projects\\woragis\\backend\\job-application-worker\\src\\coverLetter.js": {"path":"C:\\Users\\Jezreel de Andrade\\dev\\Projects\\woragis\\backend\\job-application-worker\\src\\coverLetter.js","statementMap":{"0":{"start":{"line":8,"column":4},"end":{"line":8,"column":79}},"1":{"start":{"line":12,"column":4},"end":{"line":15,"column":7}},"2":{"start":{"line":17,"column":19},"end":{"line":17,"column":53}},"3":{"start":{"line":19,"column":4},"end":{"line":53,"column":5}},"4":{"start":{"line":20,"column":23},"end":{"line":37,"column":7}},"5":{"start":{"line":39,"column":26},"end":{"line":39,"column":104}},"6":{"start":{"line":41,"column":6},"end":{"line":43,"column":7}},"7":{"start":{"line":42,"column":8},"end":{"line":42,"column":66}},"8":{"start":{"line":45,"column":6},"end":{"line":45,"column":76}},"9":{"start":{"line":46,"column":6},"end":{"line":46,"column":32}},"10":{"start":{"line":48,"column":6},"end":{"line":51,"column":9}},"11":{"start":{"line":52,"column":6},"end":{"line":52,"column":75}},"12":{"start":{"line":57,"column":17},"end":{"line":66,"column":1}},"13":{"start":{"line":69,"column":4},"end":{"line":82,"column":5}},"14":{"start":{"line":70,"column":6},"end":{"line":70,"column":48}},"15":{"start":{"line":71,"column":6},"end":{"line":81,"column":9}},"16":{"start":{"line":72,"column":8},"end":{"line":72,"column":86}},"17":{"start":{"line":73,"column":8},"end":{"line":76,"column":9}},"18":{"start":{"line":74,"column":28},"end":{"line":74,"column":73}},"19":{"start":{"line":74,"column":55},"end":{"line":74,"column":61}},"20":{"start":{"line":75,"column":10},"end":{"line":75,"column":53}},"21":{"start":{"line":77,"column":8},"end":{"line":79,"column":9}},"22":{"start":{"line":78,"column":10},"end":{"line":78,"column":107}},"23":{"start":{"line":80,"column":8},"end":{"line":80,"column":23}},"24":{"start":{"line":85,"column":4},"end":{"line":97,"column":5}},"25":{"start":{"line":86,"column":6},"end":{"line":86,"column":39}},"26":{"start":{"line":87,"column":6},"end":{"line":96,"column":9}},"27":{"start":{"line":88,"column":8},"end":{"line":88,"column":75}},"28":{"start":{"line":89,"column":8},"end":{"line":89,"column":100}},"29":{"start":{"line":90,"column":8},"end":{"line":92,"column":9}},"30":{"start":{"line":91,"column":10},"end":{"line":91,"column":70}},"31":{"start":{"line":93,"column":8},"end":{"line":95,"column":9}},"32":{"start":{"line":94,"column":10},"end":{"line":94,"column":85}},"33":{"start":{"line":100,"column":4},"end":{"line":108,"column":5}},"34":{"start":{"line":101,"column":6},"end":{"line":101,"column":47}},"35":{"start":{"line":102,"column":6},"end":{"line":107,"column":9}},"36":{"start":{"line":103,"column":8},"end":{"line":103,"column":131}},"37":{"start":{"line":104,"column":8},"end":{"line":106,"column":9}},"38":{"start":{"line":105,"column":10},"end":{"line":105,"column":71}},"39":{"start":{"line":111,"column":4},"end":{"line":119,"column":5}},"40":{"start":{"line":112,"column":6},"end":{"line":112,"column":60}},"41":{"start":{"line":113,"column":6},"end":{"line":118,"column":9}},"42":{"start":{"line":114,"column":8},"end":{"line":114,"column":135}},"43":{"start":{"line":115,"column":8},"end":{"line":117,"column":9}},"44":{"start":{"line":116,"column":10},"end":{"line":116,"column":46}},"45":{"start":{"line":122,"column":4},"end":{"line":130,"column":5}},"46":{"start":{"line":123,"column":6},"end":{"line":123,"column":48}},"47":{"start":{"line":124,"column":6},"end":{"line":129,"column":9}},"48":{"start":{"line":125,"column":8},"end":{"line":125,"column":100}},"49":{"start":{"line":126,"column":8},"end":{"line":128,"column":9}},"50":{"start":{"line":127,"column":10},"end":{"line":127,"column":60}},"51":{"start":{"line":133,"column":4},"end":{"line":146,"column":5}},"52":{"start":{"line":134,"column":31},"end":{"line":134,"column":33}},"53":{"start":{"line":135,"column":6},"end":{"line":140,"column":9}},"54":{"start":{"line":136,"column":8},"end":{"line":138,"column":9}},"55":{"start":{"line":137,"column":10},"end":{"line":137,"column":48}},"56":{"start":{"line":139,"column":8},"end":{"line":139,"column":58}},"57":{"start":{"line":142,"column":6},"end":{"line":142,"column":43}},"58":{"start":{"line":143,"column":6},"end":{"line":145,"column":9}},"59":{"start":{"line":144,"column":8},"end":{"line":144,"column":62}},"60":{"start":{"line":149,"column":4},"end":{"line":161,"column":5}},"61":{"start":{"line":150,"column":6},"end":{"line":150,"column":41}},"62":{"start":{"line":151,"column":6},"end":{"line":160,"column":9}},"63":{"start":{"line":152,"column":8},"end":{"line":152,"column":59}},"64":{"start":{"line":153,"column":8},"end":{"line":155,"column":9}},"65":{"start":{"line":154,"column":10},"end":{"line":154,"column":75}},"66":{"start":{"line":156,"column":8},"end":{"line":158,"column":9}},"67":{"start":{"line":157,"column":10},"end":{"line":157,"column":44}},"68":{"start":{"line":159,"column":8},"end":{"line":159,"column":23}},"69":{"start":{"line":164,"column":4},"end":{"line":169,"column":5}},"70":{"start":{"line":165,"column":6},"end":{"line":165,"column":50}},"71":{"start":{"line":166,"column":6},"end":{"line":168,"column":9}},"72":{"start":{"line":167,"column":8},"end":{"line":167,"column":71}},"73":{"start":{"line":171,"column":4},"end":{"line":183,"column":29}},"74":{"start":{"line":185,"column":4},"end":{"line":185,"column":18}}},"fnMap":{"0":{"name":"(anonymous_0)","decl":{"start":{"line":7,"column":2},"end":{"line":7,"column":3}},"loc":{"start":{"line":7,"column":16},"end":{"line":9,"column":3}},"line":7},"1":{"name":"(anonymous_1)","decl":{"start":{"line":11,"column":2},"end":{"line":11,"column":3}},"loc":{"start":{"line":11,"column":46},"end":{"line":54,"column":3}},"line":11},"2":{"name":"(anonymous_2)","decl":{"start":{"line":56,"column":2},"end":{"line":56,"column":3}},"loc":{"start":{"line":56,"column":32},"end":{"line":186,"column":3}},"line":56},"3":{"name":"(anonymous_3)","decl":{"start":{"line":71,"column":43},"end":{"line":71,"column":44}},"loc":{"start":{"line":71,"column":54},"end":{"line":81,"column":7}},"line":71},"4":{"name":"(anonymous_4)","decl":{"start":{"line":74,"column":50},"end":{"line":74,"column":51}},"loc":{"start":{"line":74,"column":55},"end":{"line":74,"column":61}},"line":74},"5":{"name":"(anonymous_5)","decl":{"start":{"line":87,"column":46},"end":{"line":87,"column":47}},"loc":{"start":{"line":87,"column":52},"end":{"line":96,"column":7}},"line":87},"6":{"name":"(anonymous_6)","decl":{"start":{"line":102,"column":53},"end":{"line":102,"column":54}},"loc":{"start":{"line":102,"column":60},"end":{"line":107,"column":7}},"line":102},"7":{"name":"(anonymous_7)","decl":{"start":{"line":113,"column":52},"end":{"line":113,"column":53}},"loc":{"start":{"line":113,"column":63},"end":{"line":118,"column":7}},"line":113},"8":{"name":"(anonymous_8)","decl":{"start":{"line":124,"column":40},"end":{"line":124,"column":41}},"loc":{"start":{"line":124,"column":48},"end":{"line":129,"column":7}},"line":124},"9":{"name":"(anonymous_9)","decl":{"start":{"line":135,"column":29},"end":{"line":135,"column":30}},"loc":{"start":{"line":135,"column":38},"end":{"line":140,"column":7}},"line":135},"10":{"name":"(anonymous_10)","decl":{"start":{"line":143,"column":47},"end":{"line":143,"column":48}},"loc":{"start":{"line":143,"column":71},"end":{"line":145,"column":7}},"line":143},"11":{"name":"(anonymous_11)","decl":{"start":{"line":151,"column":37},"end":{"line":151,"column":38}},"loc":{"start":{"line":151,"column":45},"end":{"line":160,"column":7}},"line":151},"12":{"name":"(anonymous_12)","decl":{"start":{"line":166,"column":32},"end":{"line":166,"column":33}},"loc":{"start":{"line":166,"column":44},"end":{"line":168,"column":7}},"line":166}},"branchMap":{"0":{"loc":{"start":{"line":8,"column":24},"end":{"line":8,"column":78}},"type":"binary-expr","locations":[{"start":{"line":8,"column":24},"end":{"line":8,"column":50}},{"start":{"line":8,"column":54},"end":{"line":8,"column":78}}],"line":8},"1":{"loc":{"start":{"line":39,"column":26},"end":{"line":39,"column":104}},"type":"binary-expr","locations":[{"start":{"line":39,"column":26},"end":{"line":39,"column":56}},{"start":{"line":39,"column":60},"end":{"line":39,"column":104}}],"line":39},"2":{"loc":{"start":{"line":41,"column":6},"end":{"line":43,"column":7}},"type":"if","locations":[{"start":{"line":41,"column":6},"end":{"line":43,"column":7}},{"start":{},"end":{}}],"line":41},"3":{"loc":{"start":{"line":63,"column":21},"end":{"line":63,"column":61}},"type":"binary-expr","locations":[{"start":{"line":63,"column":21},"end":{"line":63,"column":43}},{"start":{"line":63,"column":47},"end":{"line":63,"column":61}}],"line":63},"4":{"loc":{"start":{"line":69,"column":4},"end":{"line":82,"column":5}},"type":"if","locations":[{"start":{"line":69,"column":4},"end":{"line":82,"column":5}},{"start":{},"end":{}}],"line":69},"5":{"loc":{"start":{"line":69,"column":8},"end":{"line":69,"column":55}},"type":"binary-expr","locations":[{"start":{"line":69,"column":8},"end":{"line":69,"column":24}},{"start":{"line":69,"column":28},"end":{"line":69,"column":55}}],"line":69},"6":{"loc":{"start":{"line":72,"column":44},"end":{"line":72,"column":83}},"type":"binary-expr","locations":[{"start":{"line":72,"column":44},"end":{"line":72,"column":63}},{"start":{"line":72,"column":67},"end":{"line":72,"column":83}}],"line":72},"7":{"loc":{"start":{"line":73,"column":8},"end":{"line":76,"column":9}},"type":"if","locations":[{"start":{"line":73,"column":8},"end":{"line":76,"column":9}},{"start":{},"end":{}}],"line":73},"8":{"loc":{"start":{"line":73,"column":12},"end":{"line":73,"column":61}},"type":"binary-expr","locations":[{"start":{"line":73,"column":12},"end":{"line":73,"column":29}},{"start":{"line":73,"column":33},"end":{"line":73,"column":61}}],"line":73},"9":{"loc":{"start":{"line":77,"column":8},"end":{"line":79,"column":9}},"type":"if","locations":[{"start":{"line":77,"column":8},"end":{"line":79,"column":9}},{"start":{},"end":{}}],"line":77},"10":{"loc":{"start":{"line":77,"column":12},"end":{"line":77,"column":91}},"type":"binary-expr","locations":[{"start":{"line":77,"column":12},"end":{"line":77,"column":27}},{"start":{"line":77,"column":32},"end":{"line":77,"column":55}},{"start":{"line":77,"column":59},"end":{"line":77,"column":90}}],"line":77},"11":{"loc":{"start":{"line":78,"column":68},"end":{"line":78,"column":104}},"type":"binary-expr","locations":[{"start":{"line":78,"column":68},"end":{"line":78,"column":95}},{"start":{"line":78,"column":99},"end":{"line":78,"column":104}}],"line":78},"12":{"loc":{"start":{"line":85,"column":4},"end":{"line":97,"column":5}},"type":"if","locations":[{"start":{"line":85,"column":4},"end":{"line":97,"column":5}},{"start":{},"end":{}}],"line":85},"13":{"loc":{"start":{"line":85,"column":8},"end":{"line":85,"column":61}},"type":"binary-expr","locations":[{"start":{"line":85,"column":8},"end":{"line":85,"column":27}},{"start":{"line":85,"column":31},"end":{"line":85,"column":61}}],"line":85},"14":{"loc":{"start":{"line":88,"column":40},"end":{"line":88,"column":70}},"type":"binary-expr","locations":[{"start":{"line":88,"column":40},"end":{"line":88,"column":50}},{"start":{"line":88,"column":54},"end":{"line":88,"column":70}}],"line":88},"15":{"loc":{"start":{"line":89,"column":33},"end":{"line":89,"column":95}},"type":"binary-expr","locations":[{"start":{"line":89,"column":33},"end":{"line":89,"column":63}},{"start":{"line":89,"column":67},"end":{"line":89,"column":95}}],"line":89},"16":{"loc":{"start":{"line":90,"column":8},"end":{"line":92,"column":9}},"type":"if","locations":[{"start":{"line":90,"column":8},"end":{"line":92,"column":9}},{"start":{},"end":{}}],"line":90},"17":{"loc":{"start":{"line":90,"column":12},"end":{"line":90,"column":57}},"type":"binary-expr","locations":[{"start":{"line":90,"column":12},"end":{"line":90,"column":27}},{"start":{"line":90,"column":31},"end":{"line":90,"column":57}}],"line":90},"18":{"loc":{"start":{"line":93,"column":8},"end":{"line":95,"column":9}},"type":"if","locations":[{"start":{"line":93,"column":8},"end":{"line":95,"column":9}},{"start":{},"end":{}}],"line":93},"19":{"loc":{"start":{"line":93,"column":12},"end":{"line":93,"column":61}},"type":"binary-expr","locations":[{"start":{"line":93,"column":12},"end":{"line":93,"column":29}},{"start":{"line":93,"column":33},"end":{"line":93,"column":61}}],"line":93},"20":{"loc":{"start":{"line":100,"column":4},"end":{"line":108,"column":5}},"type":"if","locations":[{"start":{"line":100,"column":4},"end":{"line":108,"column":5}},{"start":{},"end":{}}],"line":100},"21":{"loc":{"start":{"line":100,"column":8},"end":{"line":100,"column":75}},"type":"binary-expr","locations":[{"start":{"line":100,"column":8},"end":{"line":100,"column":34}},{"start":{"line":100,"column":38},"end":{"line":100,"column":75}}],"line":100},"22":{"loc":{"start":{"line":103,"column":71},"end":{"line":103,"column":126}},"type":"binary-expr","locations":[{"start":{"line":103,"column":71},"end":{"line":103,"column":102}},{"start":{"line":103,"column":106},"end":{"line":103,"column":126}}],"line":103},"23":{"loc":{"start":{"line":104,"column":8},"end":{"line":106,"column":9}},"type":"if","locations":[{"start":{"line":104,"column":8},"end":{"line":106,"column":9}},{"start":{},"end":{}}],"line":104},"24":{"loc":{"start":{"line":104,"column":12},"end":{"line":104,"column":59}},"type":"binary-expr","locations":[{"start":{"line":104,"column":12},"end":{"line":104,"column":28}},{"start":{"line":104,"column":32},"end":{"line":104,"column":59}}],"line":104},"25":{"loc":{"start":{"line":111,"column":4},"end":{"line":119,"column":5}},"type":"if","locations":[{"start":{"line":111,"column":4},"end":{"line":119,"column":5}},{"start":{},"end":{}}],"line":111},"26":{"loc":{"start":{"line":111,"column":8},"end":{"line":111,"column":73}},"type":"binary-expr","locations":[{"start":{"line":111,"column":8},"end":{"line":111,"column":33}},{"start":{"line":111,"column":37},"end":{"line":111,"column":73}}],"line":111},"27":{"loc":{"start":{"line":114,"column":67},"end":{"line":114,"column":130}},"type":"binary-expr","locations":[{"start":{"line":114,"column":67},"end":{"line":114,"column":86}},{"start":{"line":114,"column":90},"end":{"line":114,"column":124}},{"start":{"line":114,"column":128},"end":{"line":114,"column":130}}],"line":114},"28":{"loc":{"start":{"line":115,"column":8},"end":{"line":117,"column":9}},"type":"if","locations":[{"start":{"line":115,"column":8},"end":{"line":117,"column":9}},{"start":{},"end":{}}],"line":115},"29":{"loc":{"start":{"line":122,"column":4},"end":{"line":130,"column":5}},"type":"if","locations":[{"start":{"line":122,"column":4},"end":{"line":130,"column":5}},{"start":{},"end":{}}],"line":122},"30":{"loc":{"start":{"line":122,"column":8},"end":{"line":122,"column":49}},"type":"binary-expr","locations":[{"start":{"line":122,"column":8},"end":{"line":122,"column":21}},{"start":{"line":122,"column":25},"end":{"line":122,"column":49}}],"line":122},"31":{"loc":{"start":{"line":125,"column":42},"end":{"line":125,"column":95}},"type":"binary-expr","locations":[{"start":{"line":125,"column":42},"end":{"line":125,"column":54}},{"start":{"line":125,"column":58},"end":{"line":125,"column":89}},{"start":{"line":125,"column":93},"end":{"line":125,"column":95}}],"line":125},"32":{"loc":{"start":{"line":126,"column":8},"end":{"line":128,"column":9}},"type":"if","locations":[{"start":{"line":126,"column":8},"end":{"line":128,"column":9}},{"start":{},"end":{}}],"line":126},"33":{"loc":{"start":{"line":126,"column":12},"end":{"line":126,"column":49}},"type":"binary-expr","locations":[{"start":{"line":126,"column":12},"end":{"line":126,"column":23}},{"start":{"line":126,"column":27},"end":{"line":126,"column":49}}],"line":126},"34":{"loc":{"start":{"line":133,"column":4},"end":{"line":146,"column":5}},"type":"if","locations":[{"start":{"line":133,"column":4},"end":{"line":146,"column":5}},{"start":{},"end":{}}],"line":133},"35":{"loc":{"start":{"line":133,"column":8},"end":{"line":133,"column":51}},"type":"binary-expr","locations":[{"start":{"line":133,"column":8},"end":{"line":133,"column":22}},{"start":{"line":133,"column":26},"end":{"line":133,"column":51}}],"line":133},"36":{"loc":{"start":{"line":136,"column":8},"end":{"line":138,"column":9}},"type":"if","locations":[{"start":{"line":136,"column":8},"end":{"line":138,"column":9}},{"start":{},"end":{}}],"line":136},"37":{"loc":{"start":{"line":149,"column":4},"end":{"line":161,"column":5}},"type":"if","locations":[{"start":{"line":149,"column":4},"end":{"line":161,"column":5}},{"start":{},"end":{}}],"line":149},"38":{"loc":{"start":{"line":149,"column":8},"end":{"line":149,"column":67}},"type":"binary-expr","locations":[{"start":{"line":149,"column":8},"end":{"line":149,"column":30}},{"start":{"line":149,"column":34},"end":{"line":149,"column":67}}],"line":149},"39":{"loc":{"start":{"line":153,"column":8},"end":{"line":155,"column":9}},"type":"if","locations":[{"start":{"line":153,"column":8},"end":{"line":155,"column":9}},{"start":{},"end":{}}],"line":153},"40":{"loc":{"start":{"line":156,"column":8},"end":{"line":158,"column":9}},"type":"if","locations":[{"start":{"line":156,"column":8},"end":{"line":158,"column":9}},{"start":{},"end":{}}],"line":156},"41":{"loc":{"start":{"line":164,"column":4},"end":{"line":169,"column":5}},"type":"if","locations":[{"start":{"line":164,"column":4},"end":{"line":169,"column":5}},{"start":{},"end":{}}],"line":164},"42":{"loc":{"start":{"line":164,"column":8},"end":{"line":164,"column":57}},"type":"binary-expr","locations":[{"start":{"line":164,"column":8},"end":{"line":164,"column":25}},{"start":{"line":164,"column":29},"end":{"line":164,"column":57}}],"line":164}},"s":{"0":10,"1":5,"2":5,"3":5,"4":5,"5":4,"6":4,"7":1,"8":3,"9":3,"10":2,"11":2,"12":6,"13":6,"14":0,"15":0,"16":0,"17":0,"18":0,"19":0,"20":0,"21":0,"22":0,"23":0,"24":6,"25":0,"26":0,"27":0,"28":0,"29":0,"30":0,"31":0,"32":0,"33":6,"34":0,"35":0,"36":0,"37":0,"38":0,"39":6,"40":0,"41":0,"42":0,"43":0,"44":0,"45":6,"46":0,"47":0,"48":0,"49":0,"50":0,"51":6,"52":6,"53":6,"54":11,"55":6,"56":11,"57":6,"58":6,"59":6,"60":6,"61":0,"62":0,"63":0,"64":0,"65":0,"66":0,"67":0,"68":0,"69":6,"70":0,"71":0,"72":0,"73":6,"74":6},"f":{"0":10,"1":5,"2":6,"3":0,"4":0,"5":0,"6":0,"7":0,"8":0,"9":11,"10":6,"11":0,"12":0},"b":{"0":[10,9],"1":[4,2],"2":[1,3],"3":[6,0],"4":[0,6],"5":[6,0],"6":[0,0],"7":[0,0],"8":[0,0],"9":[0,0],"10":[0,0,0],"11":[0,0],"12":[0,6],"13":[6,0],"14":[0,0],"15":[0,0],"16":[0,0],"17":[0,0],"18":[0,0],"19":[0,0],"20":[0,6],"21":[6,0],"22":[0,0],"23":[0,0],"24":[0,0],"25":[0,6],"26":[6,0],"27":[0,0,0],"28":[0,0],"29":[0,6],"30":[6,0],"31":[0,0,0],"32":[0,0],"33":[0,0],"34":[6,0],"35":[6,6],"36":[6,5],"37":[0,6],"38":[6,0],"39":[0,0],"40":[0,0],"41":[0,6],"42":[6,0]},"inputSourceMap":null,"_coverageSchema":"1a1c01bbd47fc00a2c39e90264f33305004495a9","hash":"f74ae0bd06dbcde6db6978a7aedc3a6c09da5985"}
,"C:\\Users\\Jezreel de Andrade\\dev\\Projects\\woragis\\backend\\job-application-worker\\src\\database.js": {"path":"C:\\Users\\Jezreel de Andrade\\dev\\Projects\\woragis\\backend\\job-application-worker\\src\\database.js","statementMap":{"0":{"start":{"line":2,"column":17},"end":{"line":2,"column":19}},"1":{"start":{"line":7,"column":4},"end":{"line":7,"column":21}},"2":{"start":{"line":11,"column":29},"end":{"line":11,"column":53}},"3":{"start":{"line":12,"column":4},"end":{"line":14,"column":5}},"4":{"start":{"line":13,"column":6},"end":{"line":13,"column":71}},"5":{"start":{"line":16,"column":4},"end":{"line":19,"column":7}},"6":{"start":{"line":22,"column":4},"end":{"line":22,"column":42}},"7":{"start":{"line":23,"column":4},"end":{"line":23,"column":41}},"8":{"start":{"line":27,"column":19},"end":{"line":30,"column":5}},"9":{"start":{"line":31,"column":4},"end":{"line":31,"column":34}},"10":{"start":{"line":35,"column":19},"end":{"line":49,"column":5}},"11":{"start":{"line":50,"column":4},"end":{"line":50,"column":26}},"12":{"start":{"line":54,"column":19},"end":{"line":57,"column":5}},"13":{"start":{"line":58,"column":4},"end":{"line":58,"column":26}},"14":{"start":{"line":62,"column":20},"end":{"line":62,"column":22}},"15":{"start":{"line":63,"column":19},"end":{"line":63,"column":21}},"16":{"start":{"line":64,"column":21},"end":{"line":64,"column":22}},"17":{"start":{"line":66,"column":4},"end":{"line":69,"column":5}},"18":{"start":{"line":67,"column":6},"end":{"line":67,"column":48}},"19":{"start":{"line":68,"column":6},"end":{"line":68,"column":31}},"20":{"start":{"line":70,"column":4},"end":{"line":73,"column":5}},"21":{"start":{"line":71,"column":6},"end":{"line":71,"column":54}},"22":{"start":{"line":72,"column":6},"end":{"line":72,"column":36}},"23":{"start":{"line":74,"column":4},"end":{"line":77,"column":5}},"24":{"start":{"line":75,"column":6},"end":{"line":75,"column":52}},"25":{"start":{"line":76,"column":6},"end":{"line":76,"column":34}},"26":{"start":{"line":78,"column":4},"end":{"line":81,"column":5}},"27":{"start":{"line":79,"column":6},"end":{"line":79,"column":55}},"28":{"start":{"line":80,"column":6},"end":{"line":80,"column":37}},"29":{"start":{"line":83,"column":4},"end":{"line":83,"column":39}},"30":{"start":{"line":84,"column":4},"end":{"line":84,"column":20}},"31":{"start":{"line":86,"column":18},"end":{"line":86,"column":107}},"32":{"start":{"line":87,"column":19},"end":{"line":87,"column":55}},"33":{"start":{"line":88,"column":4},"end":{"line":88,"column":26}},"34":{"start":{"line":92,"column":20},"end":{"line":101,"column":5}},"35":{"start":{"line":104,"column":4},"end":{"line":145,"column":5}},"36":{"start":{"line":105,"column":29},"end":{"line":112,"column":7}},"37":{"start":{"line":114,"column":6},"end":{"line":142,"column":7}},"38":{"start":{"line":116,"column":27},"end":{"line":122,"column":9}},"39":{"start":{"line":124,"column":8},"end":{"line":141,"column":11}},"40":{"start":{"line":135,"column":50},"end":{"line":140,"column":11}},"41":{"start":{"line":144,"column":6},"end":{"line":144,"column":72}},"42":{"start":{"line":148,"column":4},"end":{"line":179,"column":5}},"43":{"start":{"line":149,"column":26},"end":{"line":156,"column":7}},"44":{"start":{"line":158,"column":6},"end":{"line":176,"column":7}},"45":{"start":{"line":160,"column":33},"end":{"line":166,"column":9}},"46":{"start":{"line":168,"column":8},"end":{"line":175,"column":11}},"47":{"start":{"line":174,"column":53},"end":{"line":174,"column":63}},"48":{"start":{"line":178,"column":6},"end":{"line":178,"column":69}},"49":{"start":{"line":182,"column":4},"end":{"line":204,"column":5}},"50":{"start":{"line":183,"column":29},"end":{"line":190,"column":7}},"51":{"start":{"line":192,"column":6},"end":{"line":201,"column":10}},"52":{"start":{"line":192,"column":70},"end":{"line":201,"column":7}},"53":{"start":{"line":203,"column":6},"end":{"line":203,"column":82}},"54":{"start":{"line":207,"column":4},"end":{"line":229,"column":5}},"55":{"start":{"line":208,"column":32},"end":{"line":215,"column":7}},"56":{"start":{"line":217,"column":6},"end":{"line":226,"column":10}},"57":{"start":{"line":217,"column":62},"end":{"line":226,"column":7}},"58":{"start":{"line":228,"column":6},"end":{"line":228,"column":76}},"59":{"start":{"line":232,"column":4},"end":{"line":256,"column":5}},"60":{"start":{"line":233,"column":39},"end":{"line":242,"column":7}},"61":{"start":{"line":244,"column":6},"end":{"line":253,"column":10}},"62":{"start":{"line":244,"column":77},"end":{"line":253,"column":7}},"63":{"start":{"line":255,"column":6},"end":{"line":255,"column":84}},"64":{"start":{"line":259,"column":4},"end":{"line":279,"column":5}},"65":{"start":{"line":260,"column":26},"end":{"line":266,"column":7}},"66":{"start":{"line":268,"column":6},"end":{"line":276,"column":10}},"67":{"start":{"line":268,"column":61},"end":{"line":276,"column":7}},"68":{"start":{"line":278,"column":6},"end":{"line":278,"column":78}},"69":{"start":{"line":283,"column":4},"end":{"line":308,"column":5}},"70":{"start":{"line":284,"column":27},"end":{"line":299,"column":7}},"71":{"start":{"line":301,"column":6},"end":{"line":305,"column":10}},"72":{"start":{"line":301,"column":55},"end":{"line":305,"column":7}},"73":{"start":{"line":307,"column":6},"end":{"line":307,"column":70}},"74":{"start":{"line":311,"column":4},"end":{"line":326,"column":5}},"75":{"start":{"line":312,"column":30},"end":{"line":318,"column":7}},"76":{"start":{"line":320,"column":6},"end":{"line":323,"column":10}},"77":{"start":{"line":320,"column":64},"end":{"line":323,"column":7}},"78":{"start":{"line":325,"column":6},"end":{"line":325,"column":73}},"79":{"start":{"line":328,"column":4},"end":{"line":336,"column":7}},"80":{"start":{"line":338,"column":4},"end":{"line":338,"column":19}},"81":{"start":{"line":342,"column":19},"end":{"line":345,"column":5}},"82":{"start":{"line":346,"column":4},"end":{"line":346,"column":34}},"83":{"start":{"line":350,"column":4},"end":{"line":353,"column":6}},"84":{"start":{"line":357,"column":4},"end":{"line":360,"column":6}},"85":{"start":{"line":364,"column":4},"end":{"line":367,"column":5}},"86":{"start":{"line":365,"column":6},"end":{"line":365,"column":28}},"87":{"start":{"line":366,"column":6},"end":{"line":366,"column":48}}},"fnMap":{"0":{"name":"(anonymous_0)","decl":{"start":{"line":6,"column":2},"end":{"line":6,"column":3}},"loc":{"start":{"line":6,"column":16},"end":{"line":8,"column":3}},"line":6},"1":{"name":"(anonymous_1)","decl":{"start":{"line":10,"column":2},"end":{"line":10,"column":3}},"loc":{"start":{"line":10,"column":18},"end":{"line":24,"column":3}},"line":10},"2":{"name":"(anonymous_2)","decl":{"start":{"line":26,"column":2},"end":{"line":26,"column":3}},"loc":{"start":{"line":26,"column":46},"end":{"line":32,"column":3}},"line":26},"3":{"name":"(anonymous_3)","decl":{"start":{"line":34,"column":2},"end":{"line":34,"column":3}},"loc":{"start":{"line":34,"column":32},"end":{"line":51,"column":3}},"line":34},"4":{"name":"(anonymous_4)","decl":{"start":{"line":53,"column":2},"end":{"line":53,"column":3}},"loc":{"start":{"line":53,"column":44},"end":{"line":59,"column":3}},"line":53},"5":{"name":"(anonymous_5)","decl":{"start":{"line":61,"column":2},"end":{"line":61,"column":3}},"loc":{"start":{"line":61,"column":36},"end":{"line":89,"column":3}},"line":61},"6":{"name":"(anonymous_6)","decl":{"start":{"line":91,"column":2},"end":{"line":91,"column":3}},"loc":{"start":{"line":91,"column":33},"end":{"line":339,"column":3}},"line":91},"7":{"name":"(anonymous_7)","decl":{"start":{"line":135,"column":41},"end":{"line":135,"column":42}},"loc":{"start":{"line":135,"column":50},"end":{"line":140,"column":11}},"line":135},"8":{"name":"(anonymous_8)","decl":{"start":{"line":174,"column":44},"end":{"line":174,"column":45}},"loc":{"start":{"line":174,"column":53},"end":{"line":174,"column":63}},"line":174},"9":{"name":"(anonymous_9)","decl":{"start":{"line":192,"column":58},"end":{"line":192,"column":59}},"loc":{"start":{"line":192,"column":70},"end":{"line":201,"column":7}},"line":192},"10":{"name":"(anonymous_10)","decl":{"start":{"line":217,"column":55},"end":{"line":217,"column":56}},"loc":{"start":{"line":217,"column":62},"end":{"line":226,"column":7}},"line":217},"11":{"name":"(anonymous_11)","decl":{"start":{"line":244,"column":69},"end":{"line":244,"column":70}},"loc":{"start":{"line":244,"column":77},"end":{"line":253,"column":7}},"line":244},"12":{"name":"(anonymous_12)","decl":{"start":{"line":268,"column":52},"end":{"line":268,"column":53}},"loc":{"start":{"line":268,"column":61},"end":{"line":276,"column":7}},"line":268},"13":{"name":"(anonymous_13)","decl":{"start":{"line":301,"column":45},"end":{"line":301,"column":46}},"loc":{"start":{"line":301,"column":55},"end":{"line":305,"column":7}},"line":301},"14":{"name":"(anonymous_14)","decl":{"start":{"line":320,"column":51},"end":{"line":320,"column":52}},"loc":{"start":{"line":320,"column":64},"end":{"line":323,"column":7}},"line":320},"15":{"name":"(anonymous_15)","decl":{"start":{"line":341,"column":2},"end":{"line":341,"column":3}},"loc":{"start":{"line":341,"column":31},"end":{"line":347,"column":3}},"line":341},"16":{"name":"(anonymous_16)","decl":{"start":{"line":349,"column":2},"end":{"line":349,"column":3}},"loc":{"start":{"line":349,"column":40},"end":{"line":354,"column":3}},"line":349},"17":{"name":"(anonymous_17)","decl":{"start":{"line":356,"column":2},"end":{"line":356,"column":3}},"loc":{"start":{"line":356,"column":30},"end":{"line":361,"column":3}},"line":356},"18":{"name":"(anonymous_18)","decl":{"start":{"line":363,"column":2},"end":{"line":363,"column":3}},"loc":{"start":{"line":363,"column":21},"end":{"line":368,"column":3}},"line":363}},"branchMap":{"0":{"loc":{"start":{"line":12,"column":4},"end":{"line":14,"column":5}},"type":"if","locations":[{"start":{"line":12,"column":4},"end":{"line":14,"column":5}},{"start":{},"end":{}}],"line":12},"1":{"loc":{"start":{"line":18,"column":11},"end":{"line":18,"column":86}},"type":"cond-expr","locations":[{"start":{"line":18,"column":49},"end":{"line":18,"column":78}},{"start":{"line":18,"column":81},"end":{"line":18,"column":86}}],"line":18},"2":{"loc":{"start":{"line":31,"column":11},"end":{"line":31,"column":33}},"type":"binary-expr","locations":[{"start":{"line":31,"column":11},"end":{"line":31,"column":25}},{"start":{"line":31,"column":29},"end":{"line":31,"column":33}}],"line":31},"3":{"loc":{"start":{"line":47,"column":8},"end":{"line":47,"column":32}},"type":"binary-expr","locations":[{"start":{"line":47,"column":8},"end":{"line":47,"column":19}},{"start":{"line":47,"column":23},"end":{"line":47,"column":32}}],"line":47},"4":{"loc":{"start":{"line":66,"column":4},"end":{"line":69,"column":5}},"type":"if","locations":[{"start":{"line":66,"column":4},"end":{"line":69,"column":5}},{"start":{},"end":{}}],"line":66},"5":{"loc":{"start":{"line":70,"column":4},"end":{"line":73,"column":5}},"type":"if","locations":[{"start":{"line":70,"column":4},"end":{"line":73,"column":5}},{"start":{},"end":{}}],"line":70},"6":{"loc":{"start":{"line":74,"column":4},"end":{"line":77,"column":5}},"type":"if","locations":[{"start":{"line":74,"column":4},"end":{"line":77,"column":5}},{"start":{},"end":{}}],"line":74},"7":{"loc":{"start":{"line":78,"column":4},"end":{"line":81,"column":5}},"type":"if","locations":[{"start":{"line":78,"column":4},"end":{"line":81,"column":5}},{"start":{},"end":{}}],"line":78},"8":{"loc":{"start":{"line":170,"column":19},"end":{"line":170,"column":73}},"type":"binary-expr","locations":[{"start":{"line":170,"column":19},"end":{"line":170,"column":51}},{"start":{"line":170,"column":55},"end":{"line":170,"column":67}},{"start":{"line":170,"column":71},"end":{"line":170,"column":73}}],"line":170},"9":{"loc":{"start":{"line":194,"column":17},"end":{"line":194,"column":81}},"type":"binary-expr","locations":[{"start":{"line":194,"column":17},"end":{"line":194,"column":52}},{"start":{"line":194,"column":56},"end":{"line":194,"column":75}},{"start":{"line":194,"column":79},"end":{"line":194,"column":81}}],"line":194},"10":{"loc":{"start":{"line":219,"column":17},"end":{"line":219,"column":52}},"type":"binary-expr","locations":[{"start":{"line":219,"column":17},"end":{"line":219,"column":46}},{"start":{"line":219,"column":50},"end":{"line":219,"column":52}}],"line":219},"11":{"loc":{"start":{"line":220,"column":17},"end":{"line":220,"column":52}},"type":"binary-expr","locations":[{"start":{"line":220,"column":17},"end":{"line":220,"column":46}},{"start":{"line":220,"column":50},"end":{"line":220,"column":52}}],"line":220},"12":{"loc":{"start":{"line":221,"column":18},"end":{"line":221,"column":55}},"type":"binary-expr","locations":[{"start":{"line":221,"column":18},"end":{"line":221,"column":49}},{"start":{"line":221,"column":53},"end":{"line":221,"column":55}}],"line":221},"13":{"loc":{"start":{"line":222,"column":18},"end":{"line":222,"column":35}},"type":"binary-expr","locations":[{"start":{"line":222,"column":18},"end":{"line":222,"column":29}},{"start":{"line":222,"column":33},"end":{"line":222,"column":35}}],"line":222},"14":{"loc":{"start":{"line":223,"column":22},"end":{"line":223,"column":43}},"type":"binary-expr","locations":[{"start":{"line":223,"column":22},"end":{"line":223,"column":37}},{"start":{"line":223,"column":41},"end":{"line":223,"column":43}}],"line":223},"15":{"loc":{"start":{"line":224,"column":24},"end":{"line":224,"column":48}},"type":"binary-expr","locations":[{"start":{"line":224,"column":24},"end":{"line":224,"column":42}},{"start":{"line":224,"column":46},"end":{"line":224,"column":48}}],"line":224},"16":{"loc":{"start":{"line":247,"column":17},"end":{"line":247,"column":53}},"type":"binary-expr","locations":[{"start":{"line":247,"column":17},"end":{"line":247,"column":47}},{"start":{"line":247,"column":51},"end":{"line":247,"column":53}}],"line":247},"17":{"loc":{"start":{"line":248,"column":17},"end":{"line":248,"column":53}},"type":"binary-expr","locations":[{"start":{"line":248,"column":17},"end":{"line":248,"column":47}},{"start":{"line":248,"column":51},"end":{"line":248,"column":53}}],"line":248},"18":{"loc":{"start":{"line":249,"column":18},"end":{"line":249,"column":56}},"type":"binary-expr","locations":[{"start":{"line":249,"column":18},"end":{"line":249,"column":50}},{"start":{"line":249,"column":54},"end":{"line":249,"column":56}}],"line":249},"19":{"loc":{"start":{"line":250,"column":18},"end":{"line":250,"column":36}},"type":"binary-expr","locations":[{"start":{"line":250,"column":18},"end":{"line":250,"column":30}},{"start":{"line":250,"column":34},"end":{"line":250,"column":36}}],"line":250},"20":{"loc":{"start":{"line":251,"column":22},"end":{"line":251,"column":44}},"type":"binary-expr","locations":[{"start":{"line":251,"column":22},"end":{"line":251,"column":38}},{"start":{"line":251,"column":42},"end":{"line":251,"column":44}}],"line":251},"21":{"loc":{"start":{"line":252,"column":24},"end":{"line":252,"column":49}},"type":"binary-expr","locations":[{"start":{"line":252,"column":24},"end":{"line":252,"column":43}},{"start":{"line":252,"column":47},"end":{"line":252,"column":49}}],"line":252},"22":{"loc":{"start":{"line":346,"column":11},"end":{"line":346,"column":33}},"type":"binary-expr","locations":[{"start":{"line":346,"column":11},"end":{"line":346,"column":25}},{"start":{"line":346,"column":29},"end":{"line":346,"column":33}}],"line":346},"23":{"loc":{"start":{"line":364,"column":4},"end":{"line":367,"column":5}},"type":"if","locations":[{"start":{"line":364,"column":4},"end":{"line":367,"column":5}},{"start":{},"end":{}}],"line":364}},"s":{"0":0,"1":0,"2":0,"3":0,"4":0,"5":0,"6":0,"7":0,"8":0,"9":0,"10":0,"11":0,"12":0,"13":0,"14":0,"15":0,"16":0,"17":0,"18":0,"19":0,"20":0,"21":0,"22":0,"23":0,"24":0,"25":0,"26":0,"27":0,"28":0,"29":0,"30":0,"31":0,"32":0,"33":0,"34":0,"35":0,"36":0,"37":0,"38":0,"39":0,"40":0,"41":0,"42":0,"43":0,"44":0,"45":0,"46":0,"47":0,"48":0,"49":0,"50":0,"51":0,"52":0,"53":0,"54":0,"55":0,"56":0,"57":0,"58":0,"59":0,"60":0,"61":0,"62":0,"63":0,"64":0,"65":0,"66":0,"67":0,"68":0,"69":0,"70":0,"71":0,"72":0,"73":0,"74":0,"75":0,"76":0,"77":0,"78":0,"79":0,"80":0,"81":0,"82":0,"83":0,"84":0,"85":0,"86":0,"87":0},"f":{"0":0,"1":0,"2":0,"3":0,"4":0,"5":0,"6":0,"7":0,"8":0,"9":0,"10":0,"11":0,"12":0,"13":0,"14":0,"15":0,"16":0,"17":0,"18":0},"b":{"0":[0,0],"1":[0,0],"2":[0,0],"3":[0,0],"4":[0,0],"5":[0,0],"6":[0,0],"7":[0,0],"8":[0,0,0],"9":[0,0,0],"10":[0,0],"11":[0,0],"12":[0,0],"13":[0,0],"14":[0,0],"15":[0,0],"16":[0,0],"17":[0,0],"18":[0,0],"19":[0,0],"20":[0,0],"21":[0,0],"22":[0,0],"23":[0,0]},"inputSourceMap":null}
,"C:\\Users\\Jezreel de Andrade\\dev\\Projects\\woragis\\backend\\job-application-worker\\src\\health.js": {"path":"C:\\Users\\Jezreel de Andrade\\dev\\Projects\\woragis\\backend\\job-application-worker\\src\\health.js","statementMap":{"0":{"start":{"line":6,"column":25},"end":{"line":6,"column":29}},"1":{"start":{"line":11,"column":37},"end":{"line":13,"column":1}},"2":{"start":{"line":12,"column":2},"end":{"line":12,"column":28}},"3":{"start":{"line":18,"column":27},"end":{"line":39,"column":1}},"4":{"start":{"line":19,"column":17},"end":{"line":19,"column":19}},"5":{"start":{"line":22,"column":2},"end":{"line":25,"column":5}},"6":{"start":{"line":28,"column":24},"end":{"line":28,"column":39}},"7":{"start":{"line":29,"column":2},"end":{"line":29,"column":29}},"8":{"start":{"line":32,"column":20},"end":{"line":32,"column":66}},"9":{"start":{"line":32,"column":41},"end":{"line":32,"column":65}},"10":{"start":{"line":33,"column":17},"end":{"line":33,"column":52}},"11":{"start":{"line":35,"column":2},"end":{"line":38,"column":4}},"12":{"start":{"line":44,"column":22},"end":{"line":77,"column":1}},"13":{"start":{"line":45,"column":2},"end":{"line":51,"column":3}},"14":{"start":{"line":46,"column":4},"end":{"line":50,"column":6}},"15":{"start":{"line":53,"column":2},"end":{"line":76,"column":3}},"16":{"start":{"line":56,"column":4},"end":{"line":62,"column":5}},"17":{"start":{"line":57,"column":6},"end":{"line":61,"column":8}},"18":{"start":{"line":66,"column":4},"end":{"line":69,"column":6}},"19":{"start":{"line":71,"column":4},"end":{"line":75,"column":6}}},"fnMap":{"0":{"name":"(anonymous_0)","decl":{"start":{"line":11,"column":37},"end":{"line":11,"column":38}},"loc":{"start":{"line":11,"column":47},"end":{"line":13,"column":1}},"line":11},"1":{"name":"(anonymous_1)","decl":{"start":{"line":18,"column":27},"end":{"line":18,"column":28}},"loc":{"start":{"line":18,"column":33},"end":{"line":39,"column":1}},"line":18},"2":{"name":"(anonymous_2)","decl":{"start":{"line":32,"column":32},"end":{"line":32,"column":33}},"loc":{"start":{"line":32,"column":41},"end":{"line":32,"column":65}},"line":32},"3":{"name":"(anonymous_3)","decl":{"start":{"line":44,"column":22},"end":{"line":44,"column":23}},"loc":{"start":{"line":44,"column":28},"end":{"line":77,"column":1}},"line":44}},"branchMap":{"0":{"loc":{"start":{"line":33,"column":17},"end":{"line":33,"column":52}},"type":"cond-expr","locations":[{"start":{"line":33,"column":29},"end":{"line":33,"column":40}},{"start":{"line":33,"column":43},"end":{"line":33,"column":52}}],"line":33},"1":{"loc":{"start":{"line":45,"column":2},"end":{"line":51,"column":3}},"type":"if","locations":[{"start":{"line":45,"column":2},"end":{"line":51,"column":3}},{"start":{},"end":{}}],"line":45},"2":{"loc":{"start":{"line":56,"column":4},"end":{"line":62,"column":5}},"type":"if","locations":[{"start":{"line":56,"column":4},"end":{"line":62,"column":5}},{"start":{},"end":{}}],"line":56}},"s":{"0":1,"1":1,"2":7,"3":1,"4":4,"5":4,"6":4,"7":4,"8":4,"9":8,"10":4,"11":4,"12":1,"13":4,"14":2,"15":2,"16":2,"17":1,"18":1,"19":0},"f":{"0":7,"1":4,"2":8,"3":4},"b":{"0":[3,1],"1":[2,2],"2":[1,1]},"inputSourceMap":null,"_coverageSchema":"1a1c01bbd47fc00a2c39e90264f33305004495a9","hash":"6c83e5c0e4cfce0b7c33991aa5b7ce1648882d09"}
,"C:\\Users\\Jezreel de Andrade\\dev\\Projects\\woragis\\backend\\job-application-worker\\src\\index.js": {"path":"C:\\Users\\Jezreel de Andrade\\dev\\Projects\\woragis\\backend\\job-application-worker\\src\\index.js","statementMap":{"0":{"start":{"line":7,"column":15},"end":{"line":7,"column":27}},"1":{"start":{"line":10,"column":21},"end":{"line":21,"column":2}},"2":{"start":{"line":11,"column":2},"end":{"line":20,"column":3}},"3":{"start":{"line":12,"column":19},"end":{"line":12,"column":32}},"4":{"start":{"line":13,"column":23},"end":{"line":13,"column":64}},"5":{"start":{"line":15,"column":4},"end":{"line":15,"column":70}},"6":{"start":{"line":16,"column":4},"end":{"line":16,"column":36}},"7":{"start":{"line":18,"column":4},"end":{"line":18,"column":23}},"8":{"start":{"line":19,"column":4},"end":{"line":19,"column":14}},"9":{"start":{"line":23,"column":0},"end":{"line":25,"column":3}},"10":{"start":{"line":24,"column":2},"end":{"line":24,"column":58}},"11":{"start":{"line":28,"column":0},"end":{"line":32,"column":3}},"12":{"start":{"line":29,"column":2},"end":{"line":29,"column":60}},"13":{"start":{"line":30,"column":2},"end":{"line":30,"column":22}},"14":{"start":{"line":31,"column":2},"end":{"line":31,"column":18}},"15":{"start":{"line":34,"column":0},"end":{"line":38,"column":3}},"16":{"start":{"line":35,"column":2},"end":{"line":35,"column":59}},"17":{"start":{"line":36,"column":2},"end":{"line":36,"column":22}},"18":{"start":{"line":37,"column":2},"end":{"line":37,"column":18}},"19":{"start":{"line":41,"column":0},"end":{"line":44,"column":3}},"20":{"start":{"line":42,"column":2},"end":{"line":42,"column":67}},"21":{"start":{"line":43,"column":2},"end":{"line":43,"column":18}}},"fnMap":{"0":{"name":"(anonymous_0)","decl":{"start":{"line":10,"column":39},"end":{"line":10,"column":40}},"loc":{"start":{"line":10,"column":53},"end":{"line":21,"column":1}},"line":10},"1":{"name":"(anonymous_1)","decl":{"start":{"line":23,"column":37},"end":{"line":23,"column":38}},"loc":{"start":{"line":23,"column":43},"end":{"line":25,"column":1}},"line":23},"2":{"name":"(anonymous_2)","decl":{"start":{"line":28,"column":22},"end":{"line":28,"column":23}},"loc":{"start":{"line":28,"column":34},"end":{"line":32,"column":1}},"line":28},"3":{"name":"(anonymous_3)","decl":{"start":{"line":34,"column":21},"end":{"line":34,"column":22}},"loc":{"start":{"line":34,"column":33},"end":{"line":38,"column":1}},"line":34},"4":{"name":"(anonymous_4)","decl":{"start":{"line":41,"column":21},"end":{"line":41,"column":22}},"loc":{"start":{"line":41,"column":32},"end":{"line":44,"column":1}},"line":41}},"branchMap":{"0":{"loc":{"start":{"line":11,"column":2},"end":{"line":20,"column":3}},"type":"if","locations":[{"start":{"line":11,"column":2},"end":{"line":20,"column":3}},{"start":{"line":17,"column":9},"end":{"line":20,"column":3}}],"line":11},"1":{"loc":{"start":{"line":11,"column":6},"end":{"line":11,"column":52}},"type":"binary-expr","locations":[{"start":{"line":11,"column":6},"end":{"line":11,"column":28}},{"start":{"line":11,"column":32},"end":{"line":11,"column":52}}],"line":11},"2":{"loc":{"start":{"line":13,"column":23},"end":{"line":13,"column":64}},"type":"cond-expr","locations":[{"start":{"line":13,"column":55},"end":{"line":13,"column":58}},{"start":{"line":13,"column":61},"end":{"line":13,"column":64}}],"line":13}},"s":{"0":0,"1":0,"2":0,"3":0,"4":0,"5":0,"6":0,"7":0,"8":0,"9":0,"10":0,"11":0,"12":0,"13":0,"14":0,"15":0,"16":0,"17":0,"18":0,"19":0,"20":0,"21":0},"f":{"0":0,"1":0,"2":0,"3":0,"4":0},"b":{"0":[0,0],"1":[0,0],"2":[0,0]},"inputSourceMap":null}
,"C:\\Users\\Jezreel de Andrade\\dev\\Projects\\woragis\\backend\\job-application-worker\\src\\orchestrator.js": {"path":"C:\\Users\\Jezreel de Andrade\\dev\\Projects\\woragis\\backend\\job-application-worker\\src\\orchestrator.js","statementMap":{"0":{"start":{"line":5,"column":4},"end":{"line":5,"column":17}},"1":{"start":{"line":9,"column":20},"end":{"line":9,"column":63}},"2":{"start":{"line":11,"column":4},"end":{"line":14,"column":5}},"3":{"start":{"line":12,"column":6},"end":{"line":12,"column":65}},"4":{"start":{"line":13,"column":6},"end":{"line":13,"column":19}},"5":{"start":{"line":16,"column":4},"end":{"line":18,"column":5}},"6":{"start":{"line":17,"column":6},"end":{"line":17,"column":19}},"7":{"start":{"line":21,"column":22},"end":{"line":21,"column":50}},"8":{"start":{"line":22,"column":16},"end":{"line":22,"column":26}},"9":{"start":{"line":23,"column":4},"end":{"line":28,"column":5}},"10":{"start":{"line":24,"column":6},"end":{"line":24,"column":50}},"11":{"start":{"line":26,"column":22},"end":{"line":26,"column":65}},"12":{"start":{"line":27,"column":6},"end":{"line":27,"column":57}},"13":{"start":{"line":30,"column":4},"end":{"line":30,"column":55}},"14":{"start":{"line":34,"column":20},"end":{"line":34,"column":63}},"15":{"start":{"line":35,"column":4},"end":{"line":37,"column":5}},"16":{"start":{"line":36,"column":6},"end":{"line":36,"column":13}},"17":{"start":{"line":39,"column":21},"end":{"line":39,"column":46}},"18":{"start":{"line":40,"column":4},"end":{"line":40,"column":60}},"19":{"start":{"line":44,"column":4},"end":{"line":48,"column":6}}},"fnMap":{"0":{"name":"(anonymous_0)","decl":{"start":{"line":4,"column":2},"end":{"line":4,"column":3}},"loc":{"start":{"line":4,"column":18},"end":{"line":6,"column":3}},"line":4},"1":{"name":"(anonymous_1)","decl":{"start":{"line":8,"column":2},"end":{"line":8,"column":3}},"loc":{"start":{"line":8,"column":42},"end":{"line":31,"column":3}},"line":8},"2":{"name":"(anonymous_2)","decl":{"start":{"line":33,"column":2},"end":{"line":33,"column":3}},"loc":{"start":{"line":33,"column":43},"end":{"line":41,"column":3}},"line":33},"3":{"name":"(anonymous_3)","decl":{"start":{"line":43,"column":2},"end":{"line":43,"column":3}},"loc":{"start":{"line":43,"column":25},"end":{"line":49,"column":3}},"line":43}},"branchMap":{"0":{"loc":{"start":{"line":11,"column":4},"end":{"line":14,"column":5}},"type":"if","locations":[{"start":{"line":11,"column":4},"end":{"line":14,"column":5}},{"start":{},"end":{}}],"line":11},"1":{"loc":{"start":{"line":16,"column":4},"end":{"line":18,"column":5}},"type":"if","locations":[{"start":{"line":16,"column":4},"end":{"line":18,"column":5}},{"start":{},"end":{}}],"line":16},"2":{"loc":{"start":{"line":23,"column":4},"end":{"line":28,"column":5}},"type":"if","locations":[{"start":{"line":23,"column":4},"end":{"line":28,"column":5}},{"start":{},"end":{}}],"line":23},"3":{"loc":{"start":{"line":35,"column":4},"end":{"line":37,"column":5}},"type":"if","locations":[{"start":{"line":35,"column":4},"end":{"line":37,"column":5}},{"start":{},"end":{}}],"line":35},"4":{"loc":{"start":{"line":45,"column":6},"end":{"line":47,"column":41}},"type":"binary-expr","locations":[{"start":{"line":45,"column":6},"end":{"line":45,"column":49}},{"start":{"line":46,"column":6},"end":{"line":46,"column":43}},{"start":{"line":47,"column":6},"end":{"line":47,"column":41}}],"line":45}},"s":{"0":11,"1":5,"2":5,"3":1,"4":1,"5":4,"6":1,"7":3,"8":3,"9":3,"10":1,"11":1,"12":1,"13":2,"14":2,"15":2,"16":1,"17":1,"18":1,"19":7},"f":{"0":11,"1":5,"2":2,"3":7},"b":{"0":[1,4],"1":[1,3],"2":[1,2],"3":[1,1],"4":[7,5,5]},"inputSourceMap":null,"_coverageSchema":"1a1c01bbd47fc00a2c39e90264f33305004495a9","hash":"2ff2fe1d1c7621f9c0c038346f8535433ca78d94"}
,"C:\\Users\\Jezreel de Andrade\\dev\\Projects\\woragis\\backend\\job-application-worker\\src\\queue.js": {"path":"C:\\Users\\Jezreel de Andrade\\dev\\Projects\\woragis\\backend\\job-application-worker\\src\\queue.js","statementMap":{"0":{"start":{"line":4,"column":18},"end":{"line":4,"column":42}},"1":{"start":{"line":5,"column":19},"end":{"line":5,"column":42}},"2":{"start":{"line":9,"column":4},"end":{"line":9,"column":23}},"3":{"start":{"line":13,"column":21},"end":{"line":13,"column":72}},"4":{"start":{"line":14,"column":4},"end":{"line":14,"column":38}},"5":{"start":{"line":16,"column":4},"end":{"line":18,"column":7}},"6":{"start":{"line":17,"column":6},"end":{"line":17,"column":58}},"7":{"start":{"line":20,"column":4},"end":{"line":22,"column":7}},"8":{"start":{"line":21,"column":6},"end":{"line":21,"column":59}},"9":{"start":{"line":25,"column":4},"end":{"line":25,"column":29}},"10":{"start":{"line":29,"column":4},"end":{"line":31,"column":5}},"11":{"start":{"line":30,"column":6},"end":{"line":30,"column":33}},"12":{"start":{"line":33,"column":19},"end":{"line":33,"column":38}},"13":{"start":{"line":34,"column":20},"end":{"line":34,"column":39}},"14":{"start":{"line":37,"column":4},"end":{"line":37,"column":52}},"15":{"start":{"line":40,"column":4},"end":{"line":40,"column":47}},"16":{"start":{"line":45,"column":19},"end":{"line":45,"column":69}},"17":{"start":{"line":47,"column":4},"end":{"line":49,"column":5}},"18":{"start":{"line":48,"column":6},"end":{"line":48,"column":18}},"19":{"start":{"line":51,"column":18},"end":{"line":51,"column":27}},"20":{"start":{"line":52,"column":4},"end":{"line":52,"column":30}},"21":{"start":{"line":56,"column":19},"end":{"line":56,"column":37}},"22":{"start":{"line":57,"column":20},"end":{"line":57,"column":49}},"23":{"start":{"line":59,"column":4},"end":{"line":61,"column":5}},"24":{"start":{"line":60,"column":6},"end":{"line":60,"column":18}},"25":{"start":{"line":63,"column":4},"end":{"line":63,"column":31}},"26":{"start":{"line":67,"column":19},"end":{"line":67,"column":37}},"27":{"start":{"line":68,"column":4},"end":{"line":68,"column":34}},"28":{"start":{"line":74,"column":4},"end":{"line":74,"column":52}},"29":{"start":{"line":78,"column":4},"end":{"line":80,"column":5}},"30":{"start":{"line":79,"column":6},"end":{"line":79,"column":31}},"31":{"start":{"line":84,"column":4},"end":{"line":84,"column":70}}},"fnMap":{"0":{"name":"(anonymous_0)","decl":{"start":{"line":8,"column":2},"end":{"line":8,"column":3}},"loc":{"start":{"line":8,"column":16},"end":{"line":10,"column":3}},"line":8},"1":{"name":"(anonymous_1)","decl":{"start":{"line":12,"column":2},"end":{"line":12,"column":3}},"loc":{"start":{"line":12,"column":18},"end":{"line":26,"column":3}},"line":12},"2":{"name":"(anonymous_2)","decl":{"start":{"line":16,"column":28},"end":{"line":16,"column":29}},"loc":{"start":{"line":16,"column":37},"end":{"line":18,"column":5}},"line":16},"3":{"name":"(anonymous_3)","decl":{"start":{"line":20,"column":30},"end":{"line":20,"column":31}},"loc":{"start":{"line":20,"column":36},"end":{"line":22,"column":5}},"line":20},"4":{"name":"(anonymous_4)","decl":{"start":{"line":28,"column":2},"end":{"line":28,"column":3}},"loc":{"start":{"line":28,"column":24},"end":{"line":41,"column":3}},"line":28},"5":{"name":"(anonymous_5)","decl":{"start":{"line":43,"column":2},"end":{"line":43,"column":3}},"loc":{"start":{"line":43,"column":35},"end":{"line":53,"column":3}},"line":43},"6":{"name":"(anonymous_6)","decl":{"start":{"line":55,"column":2},"end":{"line":55,"column":3}},"loc":{"start":{"line":55,"column":22},"end":{"line":64,"column":3}},"line":55},"7":{"name":"(anonymous_7)","decl":{"start":{"line":66,"column":2},"end":{"line":66,"column":3}},"loc":{"start":{"line":66,"column":31},"end":{"line":69,"column":3}},"line":66},"8":{"name":"(anonymous_8)","decl":{"start":{"line":71,"column":2},"end":{"line":71,"column":3}},"loc":{"start":{"line":71,"column":39},"end":{"line":75,"column":3}},"line":71},"9":{"name":"(anonymous_9)","decl":{"start":{"line":77,"column":2},"end":{"line":77,"column":3}},"loc":{"start":{"line":77,"column":21},"end":{"line":81,"column":3}},"line":77},"10":{"name":"(anonymous_10)","decl":{"start":{"line":83,"column":2},"end":{"line":83,"column":3}},"loc":{"start":{"line":83,"column":15},"end":{"line":85,"column":3}},"line":83}},"branchMap":{"0":{"loc":{"start":{"line":13,"column":21},"end":{"line":13,"column":72}},"type":"binary-expr","locations":[{"start":{"line":13,"column":21},"end":{"line":13,"column":42}},{"start":{"line":13,"column":46},"end":{"line":13,"column":72}}],"line":13},"1":{"loc":{"start":{"line":29,"column":4},"end":{"line":31,"column":5}},"type":"if","locations":[{"start":{"line":29,"column":4},"end":{"line":31,"column":5}},{"start":{},"end":{}}],"line":29},"2":{"loc":{"start":{"line":43,"column":19},"end":{"line":43,"column":33}},"type":"default-arg","locations":[{"start":{"line":43,"column":29},"end":{"line":43,"column":33}}],"line":43},"3":{"loc":{"start":{"line":47,"column":4},"end":{"line":49,"column":5}},"type":"if","locations":[{"start":{"line":47,"column":4},"end":{"line":49,"column":5}},{"start":{},"end":{}}],"line":47},"4":{"loc":{"start":{"line":47,"column":8},"end":{"line":47,"column":36}},"type":"binary-expr","locations":[{"start":{"line":47,"column":8},"end":{"line":47,"column":15}},{"start":{"line":47,"column":19},"end":{"line":47,"column":36}}],"line":47},"5":{"loc":{"start":{"line":59,"column":4},"end":{"line":61,"column":5}},"type":"if","locations":[{"start":{"line":59,"column":4},"end":{"line":61,"column":5}},{"start":{},"end":{}}],"line":59},"6":{"loc":{"start":{"line":78,"column":4},"end":{"line":80,"column":5}},"type":"if","locations":[{"start":{"line":78,"column":4},"end":{"line":80,"column":5}},{"start":{},"end":{}}],"line":78}},"s":{"0":0,"1":0,"2":0,"3":0,"4":0,"5":0,"6":0,"7":0,"8":0,"9":0,"10":0,"11":0,"12":0,"13":0,"14":0,"15":0,"16":0,"17":0,"18":0,"19":0,"20":0,"21":0,"22":0,"23":0,"24":0,"25":0,"26":0,"27":0,"28":0,"29":0,"30":0,"31":0},"f":{"0":0,"1":0,"2":0,"3":0,"4":0,"5":0,"6":0,"7":0,"8":0,"9":0,"10":0},"b":{"0":[0,0],"1":[0,0],"2":[0],"3":[0,0],"4":[0,0],"5":[0,0],"6":[0,0]},"inputSourceMap":null}
,"C:\\Users\\Jezreel de Andrade\\dev\\Projects\\woragis\\backend\\job-application-worker\\src\\queue_rabbitmq.js": {"path":"C:\\Users\\Jezreel de Andrade\\dev\\Projects\\woragis\\backend\\job-application-worker\\src\\queue_rabbitmq.js","statementMap":{"0":{"start":{"line":6,"column":4},"end":{"line":6,"column":27}},"1":{"start":{"line":7,"column":4},"end":{"line":7,"column":24}},"2":{"start":{"line":8,"column":4},"end":{"line":8,"column":88}},"3":{"start":{"line":9,"column":4},"end":{"line":9,"column":76}},"4":{"start":{"line":10,"column":4},"end":{"line":10,"column":92}},"5":{"start":{"line":14,"column":24},"end":{"line":15,"column":227}},"6":{"start":{"line":17,"column":4},"end":{"line":67,"column":5}},"7":{"start":{"line":18,"column":6},"end":{"line":18,"column":56}},"8":{"start":{"line":20,"column":6},"end":{"line":22,"column":9}},"9":{"start":{"line":21,"column":8},"end":{"line":21,"column":74}},"10":{"start":{"line":24,"column":6},"end":{"line":26,"column":9}},"11":{"start":{"line":25,"column":8},"end":{"line":25,"column":50}},"12":{"start":{"line":28,"column":6},"end":{"line":28,"column":59}},"13":{"start":{"line":31,"column":6},"end":{"line":33,"column":9}},"14":{"start":{"line":36,"column":6},"end":{"line":42,"column":9}},"15":{"start":{"line":45,"column":6},"end":{"line":45,"column":83}},"16":{"start":{"line":48,"column":28},"end":{"line":48,"column":91}},"17":{"start":{"line":49,"column":6},"end":{"line":49,"column":49}},"18":{"start":{"line":51,"column":6},"end":{"line":55,"column":9}},"19":{"start":{"line":58,"column":6},"end":{"line":63,"column":7}},"20":{"start":{"line":59,"column":42},"end":{"line":59,"column":69}},"21":{"start":{"line":60,"column":8},"end":{"line":60,"column":47}},"22":{"start":{"line":65,"column":6},"end":{"line":65,"column":78}},"23":{"start":{"line":66,"column":6},"end":{"line":66,"column":18}},"24":{"start":{"line":71,"column":4},"end":{"line":73,"column":5}},"25":{"start":{"line":72,"column":6},"end":{"line":72,"column":51}},"26":{"start":{"line":75,"column":4},"end":{"line":77,"column":7}},"27":{"start":{"line":79,"column":4},"end":{"line":115,"column":6}},"28":{"start":{"line":82,"column":8},"end":{"line":84,"column":9}},"29":{"start":{"line":83,"column":10},"end":{"line":83,"column":17}},"30":{"start":{"line":86,"column":8},"end":{"line":110,"column":9}},"31":{"start":{"line":87,"column":22},"end":{"line":87,"column":56}},"32":{"start":{"line":88,"column":10},"end":{"line":92,"column":13}},"33":{"start":{"line":95,"column":10},"end":{"line":95,"column":29}},"34":{"start":{"line":98,"column":10},"end":{"line":98,"column":32}},"35":{"start":{"line":99,"column":10},"end":{"line":101,"column":13}},"36":{"start":{"line":103,"column":10},"end":{"line":106,"column":13}},"37":{"start":{"line":109,"column":10},"end":{"line":109,"column":46}},"38":{"start":{"line":119,"column":4},"end":{"line":122,"column":5}},"39":{"start":{"line":120,"column":6},"end":{"line":120,"column":33}},"40":{"start":{"line":121,"column":6},"end":{"line":121,"column":26}},"41":{"start":{"line":123,"column":4},"end":{"line":126,"column":5}},"42":{"start":{"line":124,"column":6},"end":{"line":124,"column":36}},"43":{"start":{"line":125,"column":6},"end":{"line":125,"column":29}},"44":{"start":{"line":127,"column":4},"end":{"line":127,"column":46}},"45":{"start":{"line":133,"column":4},"end":{"line":133,"column":88}},"46":{"start":{"line":138,"column":4},"end":{"line":138,"column":72}},"47":{"start":{"line":143,"column":4},"end":{"line":143,"column":74}},"48":{"start":{"line":149,"column":4},"end":{"line":149,"column":11}},"49":{"start":{"line":155,"column":4},"end":{"line":155,"column":52}},"50":{"start":{"line":156,"column":4},"end":{"line":156,"column":11}}},"fnMap":{"0":{"name":"(anonymous_0)","decl":{"start":{"line":5,"column":2},"end":{"line":5,"column":3}},"loc":{"start":{"line":5,"column":16},"end":{"line":11,"column":3}},"line":5},"1":{"name":"(anonymous_1)","decl":{"start":{"line":13,"column":2},"end":{"line":13,"column":3}},"loc":{"start":{"line":13,"column":18},"end":{"line":68,"column":3}},"line":13},"2":{"name":"(anonymous_2)","decl":{"start":{"line":20,"column":34},"end":{"line":20,"column":35}},"loc":{"start":{"line":20,"column":43},"end":{"line":22,"column":7}},"line":20},"3":{"name":"(anonymous_3)","decl":{"start":{"line":24,"column":34},"end":{"line":24,"column":35}},"loc":{"start":{"line":24,"column":40},"end":{"line":26,"column":7}},"line":24},"4":{"name":"(anonymous_4)","decl":{"start":{"line":70,"column":2},"end":{"line":70,"column":3}},"loc":{"start":{"line":70,"column":25},"end":{"line":116,"column":3}},"line":70},"5":{"name":"(anonymous_5)","decl":{"start":{"line":81,"column":6},"end":{"line":81,"column":7}},"loc":{"start":{"line":81,"column":21},"end":{"line":111,"column":7}},"line":81},"6":{"name":"(anonymous_6)","decl":{"start":{"line":118,"column":2},"end":{"line":118,"column":3}},"loc":{"start":{"line":118,"column":21},"end":{"line":128,"column":3}},"line":118},"7":{"name":"(anonymous_7)","decl":{"start":{"line":131,"column":2},"end":{"line":131,"column":3}},"loc":{"start":{"line":131,"column":24},"end":{"line":134,"column":3}},"line":131},"8":{"name":"(anonymous_8)","decl":{"start":{"line":136,"column":2},"end":{"line":136,"column":3}},"loc":{"start":{"line":136,"column":35},"end":{"line":139,"column":3}},"line":136},"9":{"name":"(anonymous_9)","decl":{"start":{"line":141,"column":2},"end":{"line":141,"column":3}},"loc":{"start":{"line":141,"column":22},"end":{"line":144,"column":3}},"line":141},"10":{"name":"(anonymous_10)","decl":{"start":{"line":146,"column":2},"end":{"line":146,"column":3}},"loc":{"start":{"line":146,"column":31},"end":{"line":150,"column":3}},"line":146},"11":{"name":"(anonymous_11)","decl":{"start":{"line":152,"column":2},"end":{"line":152,"column":3}},"loc":{"start":{"line":152,"column":39},"end":{"line":157,"column":3}},"line":152}},"branchMap":{"0":{"loc":{"start":{"line":8,"column":21},"end":{"line":8,"column":87}},"type":"binary-expr","locations":[{"start":{"line":8,"column":21},"end":{"line":8,"column":59}},{"start":{"line":8,"column":63},"end":{"line":8,"column":87}}],"line":8},"1":{"loc":{"start":{"line":9,"column":20},"end":{"line":9,"column":75}},"type":"binary-expr","locations":[{"start":{"line":9,"column":20},"end":{"line":9,"column":56}},{"start":{"line":9,"column":60},"end":{"line":9,"column":75}}],"line":9},"2":{"loc":{"start":{"line":10,"column":22},"end":{"line":10,"column":91}},"type":"binary-expr","locations":[{"start":{"line":10,"column":22},"end":{"line":10,"column":61}},{"start":{"line":10,"column":65},"end":{"line":10,"column":91}}],"line":10},"3":{"loc":{"start":{"line":14,"column":24},"end":{"line":15,"column":227}},"type":"binary-expr","locations":[{"start":{"line":14,"column":24},"end":{"line":14,"column":48}},{"start":{"line":15,"column":6},"end":{"line":15,"column":227}}],"line":14},"4":{"loc":{"start":{"line":15,"column":16},"end":{"line":15,"column":54}},"type":"binary-expr","locations":[{"start":{"line":15,"column":16},"end":{"line":15,"column":41}},{"start":{"line":15,"column":45},"end":{"line":15,"column":54}}],"line":15},"5":{"loc":{"start":{"line":15,"column":58},"end":{"line":15,"column":100}},"type":"binary-expr","locations":[{"start":{"line":15,"column":58},"end":{"line":15,"column":87}},{"start":{"line":15,"column":91},"end":{"line":15,"column":100}}],"line":15},"6":{"loc":{"start":{"line":15,"column":104},"end":{"line":15,"column":143}},"type":"binary-expr","locations":[{"start":{"line":15,"column":104},"end":{"line":15,"column":129}},{"start":{"line":15,"column":133},"end":{"line":15,"column":143}}],"line":15},"7":{"loc":{"start":{"line":15,"column":147},"end":{"line":15,"column":182}},"type":"binary-expr","locations":[{"start":{"line":15,"column":147},"end":{"line":15,"column":172}},{"start":{"line":15,"column":176},"end":{"line":15,"column":182}}],"line":15},"8":{"loc":{"start":{"line":15,"column":186},"end":{"line":15,"column":225}},"type":"binary-expr","locations":[{"start":{"line":15,"column":186},"end":{"line":15,"column":212}},{"start":{"line":15,"column":216},"end":{"line":15,"column":225}}],"line":15},"9":{"loc":{"start":{"line":48,"column":37},"end":{"line":48,"column":86}},"type":"binary-expr","locations":[{"start":{"line":48,"column":37},"end":{"line":48,"column":79}},{"start":{"line":48,"column":83},"end":{"line":48,"column":86}}],"line":48},"10":{"loc":{"start":{"line":71,"column":4},"end":{"line":73,"column":5}},"type":"if","locations":[{"start":{"line":71,"column":4},"end":{"line":73,"column":5}},{"start":{},"end":{}}],"line":71},"11":{"loc":{"start":{"line":82,"column":8},"end":{"line":84,"column":9}},"type":"if","locations":[{"start":{"line":82,"column":8},"end":{"line":84,"column":9}},{"start":{},"end":{}}],"line":82},"12":{"loc":{"start":{"line":119,"column":4},"end":{"line":122,"column":5}},"type":"if","locations":[{"start":{"line":119,"column":4},"end":{"line":122,"column":5}},{"start":{},"end":{}}],"line":119},"13":{"loc":{"start":{"line":123,"column":4},"end":{"line":126,"column":5}},"type":"if","locations":[{"start":{"line":123,"column":4},"end":{"line":126,"column":5}},{"start":{},"end":{}}],"line":123},"14":{"loc":{"start":{"line":136,"column":19},"end":{"line":136,"column":33}},"type":"default-arg","locations":[{"start":{"line":136,"column":29},"end":{"line":136,"column":33}}],"line":136}},"s":{"0":0,"1":0,"2":0,"3":0,"4":0,"5":0,"6":0,"7":0,"8":0,"9":0,"10":0,"11":0,"12":0,"13":0,"14":0,"15":0,"16":0,"17":0,"18":0,"19":0,"20":0,"21":0,"22":0,"23":0,"24":0,"25":0,"26":0,"27":0,"28":0,"29":0,"30":0,"31":0,"32":0,"33":0,"34":0,"35":0,"36":0,"37":0,"38":0,"39":0,"40":0,"41":0,"42":0,"43":0,"44":0,"45":0,"46":0,"47":0,"48":0,"49":0,"50":0},"f":{"0":0,"1":0,"2":0,"3":0,"4":0,"5":0,"6":0,"7":0,"8":0,"9":0,"10":0,"11":0},"b":{"0":[0,0],"1":[0,0],"2":[0,0],"3":[0,0],"4":[0,0],"5":[0,0],"6":[0,0],"7":[0,0],"8":[0,0],"9":[0,0],"10":[0,0],"11":[0,0],"12":[0,0],"13":[0,0],"14":[0]},"inputSourceMap":null}
,"C:\\Users\\Jezreel de Andrade\\dev\\Projects\\woragis\\backend\\job-application-worker\\src\\scraper.js": {"path":"C:\\Users\\Jezreel de Andrade\\dev\\Projects\\woragis\\backend\\job-application-worker\\src\\scraper.js","statementMap":{"0":{"start":{"line":7,"column":4},"end":{"line":7,"column":24}},"1":{"start":{"line":8,"column":4},"end":{"line":8,"column":48}},"2":{"start":{"line":12,"column":4},"end":{"line":12,"column":40}},"3":{"start":{"line":20,"column":4},"end":{"line":20,"column":54}},"4":{"start":{"line":22,"column":21},"end":{"line":22,"column":64}},"5":{"start":{"line":23,"column":19},"end":{"line":23,"column":68}},"6":{"start":{"line":25,"column":4},"end":{"line":28,"column":7}},"7":{"start":{"line":30,"column":20},"end":{"line":33,"column":6}},"8":{"start":{"line":35,"column":17},"end":{"line":35,"column":40}},"9":{"start":{"line":37,"column":4},"end":{"line":101,"column":5}},"10":{"start":{"line":38,"column":6},"end":{"line":38,"column":76}},"11":{"start":{"line":39,"column":6},"end":{"line":39,"column":38}},"12":{"start":{"line":41,"column":22},"end":{"line":41,"column":24}},"13":{"start":{"line":44,"column":29},"end":{"line":48,"column":7}},"14":{"start":{"line":50,"column":6},"end":{"line":60,"column":7}},"15":{"start":{"line":51,"column":8},"end":{"line":59,"column":9}},"16":{"start":{"line":52,"column":26},"end":{"line":52,"column":62}},"17":{"start":{"line":53,"column":10},"end":{"line":56,"column":11}},"18":{"start":{"line":54,"column":12},"end":{"line":54,"column":66}},"19":{"start":{"line":55,"column":12},"end":{"line":55,"column":18}},"20":{"start":{"line":58,"column":10},"end":{"line":58,"column":19}},"21":{"start":{"line":63,"column":31},"end":{"line":66,"column":7}},"22":{"start":{"line":68,"column":6},"end":{"line":78,"column":7}},"23":{"start":{"line":69,"column":8},"end":{"line":77,"column":9}},"24":{"start":{"line":70,"column":26},"end":{"line":70,"column":62}},"25":{"start":{"line":71,"column":10},"end":{"line":74,"column":11}},"26":{"start":{"line":72,"column":12},"end":{"line":72,"column":68}},"27":{"start":{"line":73,"column":12},"end":{"line":73,"column":18}},"28":{"start":{"line":76,"column":10},"end":{"line":76,"column":19}},"29":{"start":{"line":81,"column":6},"end":{"line":88,"column":7}},"30":{"start":{"line":82,"column":28},"end":{"line":82,"column":89}},"31":{"start":{"line":83,"column":8},"end":{"line":85,"column":9}},"32":{"start":{"line":84,"column":10},"end":{"line":84,"column":74}},"33":{"start":{"line":91,"column":6},"end":{"line":91,"column":85}},"34":{"start":{"line":93,"column":6},"end":{"line":93,"column":28}},"35":{"start":{"line":94,"column":6},"end":{"line":94,"column":33}},"36":{"start":{"line":96,"column":6},"end":{"line":96,"column":21}},"37":{"start":{"line":98,"column":6},"end":{"line":98,"column":28}},"38":{"start":{"line":99,"column":6},"end":{"line":99,"column":33}},"39":{"start":{"line":100,"column":6},"end":{"line":100,"column":18}},"40":{"start":{"line":105,"column":4},"end":{"line":109,"column":7}},"41":{"start":{"line":112,"column":21},"end":{"line":112,"column":64}},"42":{"start":{"line":113,"column":19},"end":{"line":113,"column":68}},"43":{"start":{"line":115,"column":4},"end":{"line":118,"column":7}},"44":{"start":{"line":120,"column":20},"end":{"line":123,"column":6}},"45":{"start":{"line":125,"column":17},"end":{"line":125,"column":40}},"46":{"start":{"line":127,"column":4},"end":{"line":161,"column":5}},"47":{"start":{"line":129,"column":6},"end":{"line":129,"column":64}},"48":{"start":{"line":132,"column":6},"end":{"line":144,"column":7}},"49":{"start":{"line":134,"column":10},"end":{"line":134,"column":59}},"50":{"start":{"line":135,"column":10},"end":{"line":135,"column":16}},"51":{"start":{"line":137,"column":10},"end":{"line":137,"column":60}},"52":{"start":{"line":138,"column":10},"end":{"line":138,"column":16}},"53":{"start":{"line":140,"column":10},"end":{"line":140,"column":65}},"54":{"start":{"line":141,"column":10},"end":{"line":141,"column":16}},"55":{"start":{"line":143,"column":10},"end":{"line":143,"column":58}},"56":{"start":{"line":146,"column":6},"end":{"line":149,"column":9}},"57":{"start":{"line":151,"column":6},"end":{"line":156,"column":9}},"58":{"start":{"line":157,"column":6},"end":{"line":157,"column":18}},"59":{"start":{"line":159,"column":6},"end":{"line":159,"column":28}},"60":{"start":{"line":160,"column":6},"end":{"line":160,"column":33}},"61":{"start":{"line":165,"column":20},"end":{"line":165,"column":30}},"62":{"start":{"line":167,"column":4},"end":{"line":220,"column":5}},"63":{"start":{"line":169,"column":6},"end":{"line":174,"column":8}},"64":{"start":{"line":177,"column":6},"end":{"line":177,"column":38}},"65":{"start":{"line":180,"column":6},"end":{"line":190,"column":7}},"66":{"start":{"line":181,"column":8},"end":{"line":187,"column":10}},"67":{"start":{"line":189,"column":8},"end":{"line":189,"column":87}},"68":{"start":{"line":193,"column":6},"end":{"line":203,"column":7}},"69":{"start":{"line":194,"column":8},"end":{"line":200,"column":10}},"70":{"start":{"line":202,"column":8},"end":{"line":202,"column":78}},"71":{"start":{"line":206,"column":6},"end":{"line":211,"column":8}},"72":{"start":{"line":214,"column":6},"end":{"line":214,"column":38}},"73":{"start":{"line":216,"column":6},"end":{"line":216,"column":52}},"74":{"start":{"line":218,"column":6},"end":{"line":218,"column":76}},"75":{"start":{"line":219,"column":6},"end":{"line":219,"column":18}},"76":{"start":{"line":224,"column":20},"end":{"line":224,"column":31}},"77":{"start":{"line":226,"column":4},"end":{"line":264,"column":5}},"78":{"start":{"line":228,"column":6},"end":{"line":233,"column":8}},"79":{"start":{"line":235,"column":6},"end":{"line":235,"column":38}},"80":{"start":{"line":239,"column":6},"end":{"line":249,"column":7}},"81":{"start":{"line":240,"column":8},"end":{"line":246,"column":10}},"82":{"start":{"line":248,"column":8},"end":{"line":248,"column":78}},"83":{"start":{"line":252,"column":6},"end":{"line":257,"column":8}},"84":{"start":{"line":259,"column":6},"end":{"line":259,"column":38}},"85":{"start":{"line":260,"column":6},"end":{"line":260,"column":53}},"86":{"start":{"line":262,"column":6},"end":{"line":262,"column":77}},"87":{"start":{"line":263,"column":6},"end":{"line":263,"column":18}},"88":{"start":{"line":268,"column":20},"end":{"line":268,"column":36}},"89":{"start":{"line":270,"column":4},"end":{"line":300,"column":5}},"90":{"start":{"line":272,"column":6},"end":{"line":278,"column":8}},"91":{"start":{"line":280,"column":6},"end":{"line":286,"column":8}},"92":{"start":{"line":288,"column":6},"end":{"line":293,"column":8}},"93":{"start":{"line":295,"column":6},"end":{"line":295,"column":38}},"94":{"start":{"line":296,"column":6},"end":{"line":296,"column":58}},"95":{"start":{"line":298,"column":6},"end":{"line":298,"column":82}},"96":{"start":{"line":299,"column":6},"end":{"line":299,"column":18}},"97":{"start":{"line":305,"column":4},"end":{"line":327,"column":5}},"98":{"start":{"line":307,"column":25},"end":{"line":307,"column":98}},"99":{"start":{"line":308,"column":6},"end":{"line":310,"column":7}},"100":{"start":{"line":309,"column":8},"end":{"line":309,"column":50}},"101":{"start":{"line":312,"column":27},"end":{"line":312,"column":139}},"102":{"start":{"line":313,"column":6},"end":{"line":315,"column":7}},"103":{"start":{"line":314,"column":8},"end":{"line":314,"column":45}},"104":{"start":{"line":317,"column":27},"end":{"line":317,"column":153}},"105":{"start":{"line":318,"column":6},"end":{"line":320,"column":7}},"106":{"start":{"line":319,"column":8},"end":{"line":319,"column":35}},"107":{"start":{"line":322,"column":6},"end":{"line":322,"column":38}},"108":{"start":{"line":323,"column":6},"end":{"line":323,"column":51}},"109":{"start":{"line":325,"column":6},"end":{"line":325,"column":75}},"110":{"start":{"line":326,"column":6},"end":{"line":326,"column":18}},"111":{"start":{"line":331,"column":4},"end":{"line":331,"column":37}}},"fnMap":{"0":{"name":"(anonymous_0)","decl":{"start":{"line":6,"column":2},"end":{"line":6,"column":3}},"loc":{"start":{"line":6,"column":16},"end":{"line":9,"column":3}},"line":6},"1":{"name":"(anonymous_1)","decl":{"start":{"line":11,"column":2},"end":{"line":11,"column":3}},"loc":{"start":{"line":11,"column":21},"end":{"line":13,"column":3}},"line":11},"2":{"name":"(anonymous_2)","decl":{"start":{"line":19,"column":2},"end":{"line":19,"column":3}},"loc":{"start":{"line":19,"column":34},"end":{"line":102,"column":3}},"line":19},"3":{"name":"(anonymous_3)","decl":{"start":{"line":104,"column":2},"end":{"line":104,"column":3}},"loc":{"start":{"line":104,"column":37},"end":{"line":162,"column":3}},"line":104},"4":{"name":"(anonymous_4)","decl":{"start":{"line":164,"column":2},"end":{"line":164,"column":3}},"loc":{"start":{"line":164,"column":46},"end":{"line":221,"column":3}},"line":164},"5":{"name":"(anonymous_5)","decl":{"start":{"line":223,"column":2},"end":{"line":223,"column":3}},"loc":{"start":{"line":223,"column":47},"end":{"line":265,"column":3}},"line":223},"6":{"name":"(anonymous_6)","decl":{"start":{"line":267,"column":2},"end":{"line":267,"column":3}},"loc":{"start":{"line":267,"column":52},"end":{"line":301,"column":3}},"line":267},"7":{"name":"(anonymous_7)","decl":{"start":{"line":303,"column":2},"end":{"line":303,"column":3}},"loc":{"start":{"line":303,"column":45},"end":{"line":328,"column":3}},"line":303},"8":{"name":"(anonymous_8)","decl":{"start":{"line":330,"column":2},"end":{"line":330,"column":3}},"loc":{"start":{"line":330,"column":18},"end":{"line":332,"column":3}},"line":330}},"branchMap":{"0":{"loc":{"start":{"line":23,"column":28},"end":{"line":23,"column":67}},"type":"binary-expr","locations":[{"start":{"line":23,"column":28},"end":{"line":23,"column":58}},{"start":{"line":23,"column":62},"end":{"line":23,"column":67}}],"line":23},"1":{"loc":{"start":{"line":53,"column":10},"end":{"line":56,"column":11}},"type":"if","locations":[{"start":{"line":53,"column":10},"end":{"line":56,"column":11}},{"start":{},"end":{}}],"line":53},"2":{"loc":{"start":{"line":71,"column":10},"end":{"line":74,"column":11}},"type":"if","locations":[{"start":{"line":71,"column":10},"end":{"line":74,"column":11}},{"start":{},"end":{}}],"line":71},"3":{"loc":{"start":{"line":83,"column":8},"end":{"line":85,"column":9}},"type":"if","locations":[{"start":{"line":83,"column":8},"end":{"line":85,"column":9}},{"start":{},"end":{}}],"line":83},"4":{"loc":{"start":{"line":113,"column":28},"end":{"line":113,"column":67}},"type":"binary-expr","locations":[{"start":{"line":113,"column":28},"end":{"line":113,"column":58}},{"start":{"line":113,"column":62},"end":{"line":113,"column":67}}],"line":113},"5":{"loc":{"start":{"line":132,"column":6},"end":{"line":144,"column":7}},"type":"switch","locations":[{"start":{"line":133,"column":8},"end":{"line":135,"column":16}},{"start":{"line":136,"column":8},"end":{"line":138,"column":16}},{"start":{"line":139,"column":8},"end":{"line":141,"column":16}},{"start":{"line":142,"column":8},"end":{"line":143,"column":58}}],"line":132},"6":{"loc":{"start":{"line":308,"column":6},"end":{"line":310,"column":7}},"type":"if","locations":[{"start":{"line":308,"column":6},"end":{"line":310,"column":7}},{"start":{},"end":{}}],"line":308},"7":{"loc":{"start":{"line":313,"column":6},"end":{"line":315,"column":7}},"type":"if","locations":[{"start":{"line":313,"column":6},"end":{"line":315,"column":7}},{"start":{},"end":{}}],"line":313},"8":{"loc":{"start":{"line":318,"column":6},"end":{"line":320,"column":7}},"type":"if","locations":[{"start":{
[...]
me":"(anonymous_6)","decl":{"start":{"line":164,"column":2},"end":{"line":164,"column":3}},"loc":{"start":{"line":164,"column":76},"end":{"line":173,"column":3}},"line":164},"7":{"name":"(anonymous_7)","decl":{"start":{"line":175,"column":2},"end":{"line":175,"column":3}},"loc":{"start":{"line":175,"column":18},"end":{"line":180,"column":3}},"line":175}},"branchMap":{"0":{"loc":{"start":{"line":32,"column":4},"end":{"line":43,"column":5}},"type":"if","locations":[{"start":{"line":32,"column":4},"end":{"line":43,"column":5}},{"start":{},"end":{}}],"line":32},"1":{"loc":{"start":{"line":36,"column":6},"end":{"line":38,"column":7}},"type":"if","locations":[{"start":{"line":36,"column":6},"end":{"line":38,"column":7}},{"start":{},"end":{}}],"line":36},"2":{"loc":{"start":{"line":72,"column":4},"end":{"line":74,"column":5}},"type":"if","locations":[{"start":{"line":72,"column":4},"end":{"line":74,"column":5}},{"start":{},"end":{}}],"line":72},"3":{"loc":{"start":{"line":92,"column":10},"end":{"line":92,"column":38}},"type":"binary-expr","locations":[{"start":{"line":92,"column":10},"end":{"line":92,"column":32}},{"start":{"line":92,"column":36},"end":{"line":92,"column":38}}],"line":92},"4":{"loc":{"start":{"line":99,"column":8},"end":{"line":111,"column":9}},"type":"if","locations":[{"start":{"line":99,"column":8},"end":{"line":111,"column":9}},{"start":{"line":105,"column":15},"end":{"line":111,"column":9}}],"line":99},"5":{"loc":{"start":{"line":99,"column":12},"end":{"line":99,"column":67}},"type":"binary-expr","locations":[{"start":{"line":99,"column":12},"end":{"line":99,"column":37}},{"start":{"line":99,"column":41},"end":{"line":99,"column":67}}],"line":99},"6":{"loc":{"start":{"line":102,"column":10},"end":{"line":104,"column":11}},"type":"if","locations":[{"start":{"line":102,"column":10},"end":{"line":104,"column":11}},{"start":{},"end":{}}],"line":102},"7":{"loc":{"start":{"line":108,"column":10},"end":{"line":110,"column":11}},"type":"if","locations":[{"start":{"line":108,"column":10},"end":{"line":110,"column":11}},{"start":{},"end":{}}],"line":108},"8":{"loc":{"start":{"line":119,"column":4},"end":{"line":128,"column":5}},"type":"if","locations":[{"start":{"line":119,"column":4},"end":{"line":128,"column":5}},{"start":{},"end":{}}],"line":119},"9":{"loc":{"start":{"line":122,"column":8},"end":{"line":124,"column":9}},"type":"if","locations":[{"start":{"line":122,"column":8},"end":{"line":124,"column":9}},{"start":{},"end":{}}],"line":122},"10":{"loc":{"start":{"line":139,"column":4},"end":{"line":141,"column":5}},"type":"if","locations":[{"start":{"line":139,"column":4},"end":{"line":141,"column":5}},{"start":{},"end":{}}],"line":139},"11":{"loc":{"start":{"line":153,"column":4},"end":{"line":155,"column":5}},"type":"if","locations":[{"start":{"line":153,"column":4},"end":{"line":155,"column":5}},{"start":{},"end":{}}],"line":153},"12":{"loc":{"start":{"line":164,"column":59},"end":{"line":164,"column":74}},"type":"default-arg","locations":[{"start":{"line":164,"column":69},"end":{"line":164,"column":74}}],"line":164},"13":{"loc":{"start":{"line":167,"column":4},"end":{"line":169,"column":5}},"type":"if","locations":[{"start":{"line":167,"column":4},"end":{"line":169,"column":5}},{"start":{},"end":{}}],"line":167},"14":{"loc":{"start":{"line":177,"column":4},"end":{"line":179,"column":5}},"type":"if","locations":[{"start":{"line":177,"column":4},"end":{"line":179,"column":5}},{"start":{},"end":{}}],"line":177}},"s":{"0":0,"1":0,"2":0,"3":0,"4":0,"5":0,"6":0,"7":0,"8":0,"9":0,"10":0,"11":0,"12":0,"13":0,"14":0,"15":0,"16":0,"17":0,"18":0,"19":0,"20":0,"21":0,"22":0,"23":0,"24":0,"25":0,"26":0,"27":0,"28":0,"29":0,"30":0,"31":0,"32":0,"33":0,"34":0,"35":0,"36":0,"37":0,"38":0,"39":0,"40":0,"41":0,"42":0,"43":0,"44":0,"45":0,"46":0,"47":0,"48":0,"49":0,"50":0,"51":0,"52":0,"53":0,"54":0,"55":0,"56":0,"57":0,"58":0,"59":0,"60":0,"61":0,"62":0},"f":{"0":0,"1":0,"2":0,"3":0,"4":0,"5":0,"6":0,"7":0},"b":{"0":[0,0],"1":[0,0],"2":[0,0],"3":[0,0],"4":[0,0],"5":[0,0],"6":[0,0],"7":[0,0],"8":[0,0],"9":[0,0],"10":[0,0],"11":[0,0],"12":[0],"13":[0,0],"14":[0,0]},"inputSourceMap":null}
,"C:\\Users\\Jezreel de Andrade\\dev\\Projects\\woragis\\backend\\job-application-worker\\src\\worker.js": {"path":"C:\\Users\\Jezreel de Andrade\\dev\\Projects\\woragis\\backend\\job-application-worker\\src\\worker.js","statementMap":{"0":{"start":{"line":10,"column":4},"end":{"line":10,"column":37}},"1":{"start":{"line":11,"column":4},"end":{"line":11,"column":29}},"2":{"start":{"line":12,"column":4},"end":{"line":12,"column":50}},"3":{"start":{"line":13,"column":4},"end":{"line":13,"column":33}},"4":{"start":{"line":14,"column":4},"end":{"line":14,"column":55}},"5":{"start":{"line":15,"column":4},"end":{"line":15,"column":25}},"6":{"start":{"line":19,"column":4},"end":{"line":19,"column":51}},"7":{"start":{"line":20,"column":4},"end":{"line":20,"column":24}},"8":{"start":{"line":23,"column":4},"end":{"line":23,"column":31}},"9":{"start":{"line":26,"column":4},"end":{"line":31,"column":5}},"10":{"start":{"line":27,"column":40},"end":{"line":27,"column":67}},"11":{"start":{"line":28,"column":6},"end":{"line":28,"column":51}},"12":{"start":{"line":33,"column":4},"end":{"line":33,"column":28}},"13":{"start":{"line":34,"column":4},"end":{"line":34,"column":36}},"14":{"start":{"line":37,"column":4},"end":{"line":39,"column":7}},"15":{"start":{"line":38,"column":6},"end":{"line":38,"column":33}},"16":{"start":{"line":43,"column":4},"end":{"line":76,"column":5}},"17":{"start":{"line":44,"column":6},"end":{"line":48,"column":9}},"18":{"start":{"line":51,"column":28},"end":{"line":51,"column":85}},"19":{"start":{"line":53,"column":6},"end":{"line":59,"column":7}},"20":{"start":{"line":54,"column":8},"end":{"line":56,"column":11}},"21":{"start":{"line":58,"column":8},"end":{"line":58,"column":68}},"22":{"start":{"line":62,"column":6},"end":{"line":62,"column":41}},"23":{"start":{"line":65,"column":6},"end":{"line":65,"column":65}},"24":{"start":{"line":67,"column":6},"end":{"line":67,"column":66}},"25":{"start":{"line":69,"column":6},"end":{"line":73,"column":9}},"26":{"start":{"line":75,"column":6},"end":{"line":75,"column":18}},"27":{"start":{"line":81,"column":22},"end":{"line":81,"column":81}},"28":{"start":{"line":83,"column":4},"end":{"line":95,"column":5}},"29":{"start":{"line":84,"column":6},"end":{"line":92,"column":9}},"30":{"start":{"line":94,"column":6},"end":{"line":94,"column":74}},"31":{"start":{"line":98,"column":20},"end":{"line":98,"column":62}},"32":{"start":{"line":101,"column":20},"end":{"line":107,"column":5}},"33":{"start":{"line":109,"column":24},"end":{"line":109,"column":91}},"34":{"start":{"line":112,"column":4},"end":{"line":128,"column":5}},"35":{"start":{"line":113,"column":6},"end":{"line":113,"column":54}},"36":{"start":{"line":116,"column":6},"end":{"line":120,"column":9}},"37":{"start":{"line":123,"column":6},"end":{"line":126,"column":9}},"38":{"start":{"line":127,"column":6},"end":{"line":127,"column":18}},"39":{"start":{"line":132,"column":4},"end":{"line":132,"column":51}},"40":{"start":{"line":133,"column":4},"end":{"line":133,"column":25}},"41":{"start":{"line":134,"column":4},"end":{"line":134,"column":34}},"42":{"start":{"line":135,"column":4},"end":{"line":135,"column":31}},"43":{"start":{"line":136,"column":4},"end":{"line":136,"column":33}},"44":{"start":{"line":138,"column":4},"end":{"line":140,"column":5}},"45":{"start":{"line":139,"column":6},"end":{"line":139,"column":21}},"46":{"start":{"line":144,"column":4},"end":{"line":144,"column":59}},"47":{"start":{"line":144,"column":34},"end":{"line":144,"column":57}}},"fnMap":{"0":{"name":"(anonymous_0)","decl":{"start":{"line":9,"column":2},"end":{"line":9,"column":3}},"loc":{"start":{"line":9,"column":16},"end":{"line":16,"column":3}},"line":9},"1":{"name":"(anonymous_1)","decl":{"start":{"line":18,"column":2},"end":{"line":18,"column":3}},"loc":{"start":{"line":18,"column":16},"end":{"line":40,"column":3}},"line":18},"2":{"name":"(anonymous_2)","decl":{"start":{"line":37,"column":29},"end":{"line":37,"column":30}},"loc":{"start":{"line":37,"column":44},"end":{"line":39,"column":5}},"line":37},"3":{"name":"(anonymous_3)","decl":{"start":{"line":42,"column":2},"end":{"line":42,"column":3}},"loc":{"start":{"line":42,"column":24},"end":{"line":77,"column":3}},"line":42},"4":{"name":"(anonymous_4)","decl":{"start":{"line":79,"column":2},"end":{"line":79,"column":3}},"loc":{"start":{"line":79,"column":32},"end":{"line":129,"column":3}},"line":79},"5":{"name":"(anonymous_5)","decl":{"start":{"line":131,"column":2},"end":{"line":131,"column":3}},"loc":{"start":{"line":131,"column":15},"end":{"line":141,"column":3}},"line":131},"6":{"name":"(anonymous_6)","decl":{"start":{"line":143,"column":2},"end":{"line":143,"column":3}},"loc":{"start":{"line":143,"column":12},"end":{"line":145,"column":3}},"line":143},"7":{"name":"(anonymous_7)","decl":{"start":{"line":144,"column":23},"end":{"line":144,"column":24}},"loc":{"start":{"line":144,"column":34},"end":{"line":144,"column":57}},"line":144}},"branchMap":{"0":{"loc":{"start":{"line":53,"column":6},"end":{"line":59,"column":7}},"type":"if","locations":[{"start":{"line":53,"column":6},"end":{"line":59,"column":7}},{"start":{},"end":{}}],"line":53},"1":{"loc":{"start":{"line":83,"column":4},"end":{"line":95,"column":5}},"type":"if","locations":[{"start":{"line":83,"column":4},"end":{"line":95,"column":5}},{"start":{"line":93,"column":11},"end":{"line":95,"column":5}}],"line":83},"2":{"loc":{"start":{"line":138,"column":4},"end":{"line":140,"column":5}},"type":"if","locations":[{"start":{"line":138,"column":4},"end":{"line":140,"column":5}},{"start":{},"end":{}}],"line":138}},"s":{"0":0,"1":0,"2":0,"3":0,"4":0,"5":0,"6":0,"7":0,"8":0,"9":0,"10":0,"11":0,"12":0,"13":0,"14":0,"15":0,"16":0,"17":0,"18":0,"19":0,"20":0,"21":0,"22":0,"23":0,"24":0,"25":0,"26":0,"27":0,"28":0,"29":0,"30":0,"31":0,"32":0,"33":0,"34":0,"35":0,"36":0,"37":0,"38":0,"39":0,"40":0,"41":0,"42":0,"43":0,"44":0,"45":0,"46":0,"47":0},"f":{"0":0,"1":0,"2":0,"3":0,"4":0,"5":0,"6":0,"7":0},"b":{"0":[0,0],"1":[0,0],"2":[0,0]},"inputSourceMap":null}
,"C:\\Users\\Jezreel de Andrade\\dev\\Projects\\woragis\\backend\\job-application-worker\\src\\utils\\logger.js": {"path":"C:\\Users\\Jezreel de Andrade\\dev\\Projects\\woragis\\backend\\job-application-worker\\src\\utils\\logger.js","statementMap":{"0":{"start":{"line":10,"column":19},"end":{"line":10,"column":49}},"1":{"start":{"line":11,"column":18},"end":{"line":11,"column":42}},"2":{"start":{"line":14,"column":14},"end":{"line":14,"column":18}},"3":{"start":{"line":17,"column":20},"end":{"line":17,"column":24}},"4":{"start":{"line":18,"column":12},"end":{"line":18,"column":44}},"5":{"start":{"line":19,"column":21},"end":{"line":19,"column":59}},"6":{"start":{"line":20,"column":18},"end":{"line":20,"column":52}},"7":{"start":{"line":21,"column":15},"end":{"line":21,"column":44}},"8":{"start":{"line":24,"column":0},"end":{"line":37,"column":1}},"9":{"start":{"line":25,"column":2},"end":{"line":36,"column":3}},"10":{"start":{"line":27,"column":23},"end":{"line":27,"column":58}},"11":{"start":{"line":28,"column":4},"end":{"line":30,"column":5}},"12":{"start":{"line":29,"column":6},"end":{"line":29,"column":52}},"13":{"start":{"line":32,"column":20},"end":{"line":32,"column":71}},"14":{"start":{"line":33,"column":4},"end":{"line":33,"column":66}},"15":{"start":{"line":35,"column":4},"end":{"line":35,"column":81}},"16":{"start":{"line":42,"column":26},"end":{"line":44,"column":1}},"17":{"start":{"line":43,"column":2},"end":{"line":43,"column":15}},"18":{"start":{"line":49,"column":26},"end":{"line":51,"column":1}},"19":{"start":{"line":50,"column":2},"end":{"line":50,"column":17}},"20":{"start":{"line":56,"column":17},"end":{"line":74,"column":1}},"21":{"start":{"line":57,"column":18},"end":{"line":57,"column":46}},"22":{"start":{"line":60,"column":2},"end":{"line":68,"column":3}},"23":{"start":{"line":61,"column":4},"end":{"line":61,"column":27}},"24":{"start":{"line":62,"column":9},"end":{"line":68,"column":3}},"25":{"start":{"line":63,"column":4},"end":{"line":63,"column":26}},"26":{"start":{"line":64,"column":9},"end":{"line":68,"column":3}},"27":{"start":{"line":65,"column":4},"end":{"line":65,"column":27}},"28":{"start":{"line":67,"column":4},"end":{"line":67,"column":25}},"29":{"start":{"line":71,"column":2},"end":{"line":73,"column":3}},"30":{"start":{"line":72,"column":4},"end":{"line":72,"column":33}},"31":{"start":{"line":79,"column":23},"end":{"line":94,"column":1}},"32":{"start":{"line":80,"column":16},"end":{"line":86,"column":3}},"33":{"start":{"line":89,"column":2},"end":{"line":91,"column":3}},"34":{"start":{"line":90,"column":4},"end":{"line":90,"column":29}},"35":{"start":{"line":93,"column":2},"end":{"line":93,"column":15}},"36":{"start":{"line":96,"column":22},"end":{"line":128,"column":1}},"37":{"start":{"line":98,"column":18},"end":{"line":98,"column":55}},"38":{"start":{"line":99,"column":4},"end":{"line":99,"column":28}},"39":{"start":{"line":103,"column":18},"end":{"line":103,"column":55}},"40":{"start":{"line":104,"column":4},"end":{"line":104,"column":28}},"41":{"start":{"line":108,"column":18},"end":{"line":108,"column":56}},"42":{"start":{"line":109,"column":4},"end":{"line":109,"column":29}},"43":{"start":{"line":113,"column":4},"end":{"line":116,"column":5}},"44":{"start":{"line":114,"column":20},"end":{"line":114,"column":58}},"45":{"start":{"line":115,"column":6},"end":{"line":115,"column":31}},"46":{"start":{"line":123,"column":4},"end":{"line":126,"column":5}},"47":{"start":{"line":124,"column":6},"end":{"line":124,"column":26}},"48":{"start":{"line":125,"column":6},"end":{"line":125,"column":27}}},"fnMap":{"0":{"name":"(anonymous_0)","decl":{"start":{"line":42,"column":26},"end":{"line":42,"column":27}},"loc":{"start":{"line":42,"column":34},"end":{"line":44,"column":1}},"line":42},"1":{"name":"(anonymous_1)","decl":{"start":{"line":49,"column":26},"end":{"line":49,"column":27}},"loc":{"start":{"line":49,"column":32},"end":{"line":51,"column":1}},"line":49},"2":{"name":"(anonymous_2)","decl":{"start":{"line":56,"column":17},"end":{"line":56,"column":18}},"loc":{"start":{"line":56,"column":35},"end":{"line":74,"column":1}},"line":56},"3":{"name":"(anonymous_3)","decl":{"start":{"line":79,"column":23},"end":{"line":79,"column":24}},"loc":{"start":{"line":79,"column":54},"end":{"line":94,"column":1}},"line":79},"4":{"name":"(anonymous_4)","decl":{"start":{"line":97,"column":8},"end":{"line":97,"column":9}},"loc":{"start":{"line":97,"column":32},"end":{"line":100,"column":3}},"line":97},"5":{"name":"(anonymous_5)","decl":{"start":{"line":102,"column":8},"end":{"line":102,"column":9}},"loc":{"start":{"line":102,"column":32},"end":{"line":105,"column":3}},"line":102},"6":{"name":"(anonymous_6)","decl":{"start":{"line":107,"column":9},"end":{"line":107,"column":10}},"loc":{"start":{"line":107,"column":33},"end":{"line":110,"column":3}},"line":107},"7":{"name":"(anonymous_7)","decl":{"start":{"line":112,"column":9},"end":{"line":112,"column":10}},"loc":{"start":{"line":112,"column":33},"end":{"line":117,"column":3}},"line":112},"8":{"name":"(anonymous_8)","decl":{"start":{"line":122,"column":9},"end":{"line":122,"column":10}},"loc":{"start":{"line":122,"column":15},"end":{"line":127,"column":3}},"line":122}},"branchMap":{"0":{"loc":{"start":{"line":18,"column":12},"end":{"line":18,"column":44}},"type":"binary-expr","locations":[{"start":{"line":18,"column":12},"end":{"line":18,"column":27}},{"start":{"line":18,"column":31},"end":{"line":18,"column":44}}],"line":18},"1":{"loc":{"start":{"line":19,"column":21},"end":{"line":19,"column":59}},"type":"binary-expr","locations":[{"start":{"line":19,"column":21},"end":{"line":19,"column":41}},{"start":{"line":19,"column":45},"end":{"line":19,"column":59}}],"line":19},"2":{"loc":{"start":{"line":21,"column":15},"end":{"line":21,"column":44}},"type":"binary-expr","locations":[{"start":{"line":21,"column":15},"end":{"line":21,"column":34}},{"start":{"line":21,"column":38},"end":{"line":21,"column":44}}],"line":21},"3":{"loc":{"start":{"line":24,"column":0},"end":{"line":37,"column":1}},"type":"if","locations":[{"start":{"line":24,"column":0},"end":{"line":37,"column":1}},{"start":{},"end":{}}],"line":24},"4":{"loc":{"start":{"line":24,"column":4},"end":{"line":24,"column":30}},"type":"binary-expr","locations":[{"start":{"line":24,"column":4},"end":{"line":24,"column":17}},{"start":{"line":24,"column":21},"end":{"line":24,"column":30}}],"line":24},"5":{"loc":{"start":{"line":28,"column":4},"end":{"line":30,"column":5}},"type":"if","locations":[{"start":{"line":28,"column":4},"end":{"line":30,"column":5}},{"start":{},"end":{}}],"line":28},"6":{"loc":{"start":{"line":60,"column":2},"end":{"line":68,"column":3}},"type":"if","locations":[{"start":{"line":60,"column":2},"end":{"line":68,"column":3}},{"start":{"line":62,"column":9},"end":{"line":68,"column":3}}],"line":60},"7":{"loc":{"start":{"line":62,"column":9},"end":{"line":68,"column":3}},"type":"if","locations":[{"start":{"line":62,"column":9},"end":{"line":68,"column":3}},{"start":{"line":64,"column":9},"end":{"line":68,"column":3}}],"line":62},"8":{"loc":{"start":{"line":64,"column":9},"end":{"line":68,"column":3}},"type":"if","locations":[{"start":{"line":64,"column":9},"end":{"line":68,"column":3}},{"start":{"line":66,"column":9},"end":{"line":68,"column":3}}],"line":64},"9":{"loc":{"start":{"line":71,"column":2},"end":{"line":73,"column":3}},"type":"if","locations":[{"start":{"line":71,"column":2},"end":{"line":73,"column":3}},{"start":{},"end":{}}],"line":71},"10":{"loc":{"start":{"line":79,"column":40},"end":{"line":79,"column":49}},"type":"default-arg","locations":[{"start":{"line":79,"column":47},"end":{"line":79,"column":49}}],"line":79},"11":{"loc":{"start":{"line":89,"column":2},"end":{"line":91,"column":3}},"type":"if","locations":[{"start":{"line":89,"column":2},"end":{"line":91,"column":3}},{"start":{},"end":{}}],"line":89},"12":{"loc":{"start":{"line":97,"column":18},"end":{"line":97,"column":27}},"type":"default-arg","locations":[{"start":{"line":97,"column":25},"end":{"line":97,"column":27}}],"line":97},"13":{"loc":{"start":{"line":102,"column":18},"end":{"line":102,"column":27}},"type":"default-arg","locations":[{"start":{"line":102,"column":25},"end":{"line":102,"column":27}}],"line":102},"14":{"loc":{"start":{"line":107,"column":19},"end":{"line":107,"column":28}},"type":"default-arg","locations":[{"start":{"line":107,"column":26},"end":{"line":107,"column":28}}],"line":107},"15":{"loc":{"start":{"line":112,"column":19},"end":{"line":112,"column":28}},"type":"default-arg","locations":[{"start":{"line":112,"column":26},"end":{"line":112,"column":28}}],"line":112},"16":{"loc":{"start":{"line":113,"column":4},"end":{"line":116,"column":5}},"type":"if","locations":[{"start":{"line":113,"column":4},"end":{"line":116,"column":5}},{"start":{},"end":{}}],"line":113},"17":{"loc":{"start":{"line":123,"column":4},"end":{"line":126,"column":5}},"type":"if","locations":[{"start":{"line":123,"column":4},"end":{"line":126,"column":5}},{"start":{},"end":{}}],"line":123}},"s":{"0":2,"1":2,"2":2,"3":2,"4":2,"5":2,"6":2,"7":2,"8":2,"9":0,"10":0,"11":0,"12":0,"13":0,"14":0,"15":0,"16":2,"17":0,"18":2,"19":0,"20":2,"21":11,"22":11,"23":2,"24":9,"25":1,"26":8,"27":0,"28":8,"29":11,"30":0,"31":2,"32":11,"33":11,"34":0,"35":11,"36":2,"37":8,"38":8,"39":1,"40":1,"41":2,"42":2,"43":0,"44":0,"45":0,"46":0,"47":0,"48":0},"f":{"0":0,"1":0,"2":11,"3":11,"4":8,"5":1,"6":2,"7":0,"8":0},"b":{"0":[2,2],"1":[2,2],"2":[2,2],"3":[0,2],"4":[2,2],"5":[0,0],"6":[2,9],"7":[1,8],"8":[0,8],"9":[0,11],"10":[0],"11":[0,11],"12":[0],"13":[0],"14":[0],"15":[0],"16":[0,0],"17":[0,0]},"inputSourceMap":null,"_coverageSchema":"1a1c01bbd47fc00a2c39e90264f33305004495a9","hash":"e31eec33d3942c9c19d34c39e102c3ea75e14484"}
}
